{"/home/the-mishra-ji/Desktop/hackathonpart2/src/App.tsx": {"path":"/home/the-mishra-ji/Desktop/hackathonpart2/src/App.tsx","statementMap":{"0":{"start":{"line":32,"column":0},"end":{"line":32,"column":24}},"1":{"start":{"line":1,"column":0},"end":{"line":1,"column":39}},"2":{"start":{"line":2,"column":0},"end":{"line":2,"column":64}},"3":{"start":{"line":3,"column":0},"end":{"line":3,"column":73}},"4":{"start":{"line":4,"column":0},"end":{"line":4,"column":47}},"5":{"start":{"line":5,"column":0},"end":{"line":5,"column":16}},"6":{"start":{"line":6,"column":0},"end":{"line":6,"column":46}},"7":{"start":{"line":8,"column":17},"end":{"line":8,"column":55}},"8":{"start":{"line":8,"column":27},"end":{"line":8,"column":54}},"9":{"start":{"line":9,"column":17},"end":{"line":9,"column":55}},"10":{"start":{"line":9,"column":27},"end":{"line":9,"column":54}},"11":{"start":{"line":10,"column":21},"end":{"line":10,"column":63}},"12":{"start":{"line":10,"column":31},"end":{"line":10,"column":62}},"13":{"start":{"line":11,"column":21},"end":{"line":11,"column":63}},"14":{"start":{"line":11,"column":31},"end":{"line":11,"column":62}},"15":{"start":{"line":12,"column":17},"end":{"line":12,"column":55}},"16":{"start":{"line":12,"column":27},"end":{"line":12,"column":54}},"17":{"start":{"line":13,"column":25},"end":{"line":13,"column":71}},"18":{"start":{"line":13,"column":35},"end":{"line":13,"column":70}},"19":{"start":{"line":14,"column":20},"end":{"line":14,"column":61}},"20":{"start":{"line":14,"column":30},"end":{"line":14,"column":60}},"21":{"start":{"line":15,"column":21},"end":{"line":15,"column":63}},"22":{"start":{"line":15,"column":31},"end":{"line":15,"column":62}},"23":{"start":{"line":16,"column":18},"end":{"line":16,"column":57}},"24":{"start":{"line":16,"column":28},"end":{"line":16,"column":56}},"25":{"start":{"line":17,"column":21},"end":{"line":17,"column":63}},"26":{"start":{"line":17,"column":31},"end":{"line":17,"column":62}},"27":{"start":{"line":19,"column":20},"end":{"line":19,"column":37}},"28":{"start":{"line":22,"column":2},"end":{"line":29,"column":4}},"29":{"start":{"line":33,"column":2},"end":{"line":33,"column":19}},"30":{"start":{"line":34,"column":2},"end":{"line":56,"column":4}}},"fnMap":{"0":{"name":"(anonymous_10)","decl":{"start":{"line":8,"column":22},"end":{"line":8,"column":25}},"loc":{"start":{"line":8,"column":27},"end":{"line":8,"column":54}}},"1":{"name":"(anonymous_11)","decl":{"start":{"line":8,"column":27},"end":{"line":8,"column":35}},"loc":{"start":{"line":8,"column":27},"end":{"line":8,"column":54}}},"2":{"name":"(anonymous_12)","decl":{"start":{"line":9,"column":22},"end":{"line":9,"column":25}},"loc":{"start":{"line":9,"column":27},"end":{"line":9,"column":54}}},"3":{"name":"(anonymous_13)","decl":{"start":{"line":9,"column":27},"end":{"line":9,"column":35}},"loc":{"start":{"line":9,"column":27},"end":{"line":9,"column":54}}},"4":{"name":"(anonymous_14)","decl":{"start":{"line":10,"column":26},"end":{"line":10,"column":29}},"loc":{"start":{"line":10,"column":31},"end":{"line":10,"column":62}}},"5":{"name":"(anonymous_15)","decl":{"start":{"line":10,"column":31},"end":{"line":10,"column":39}},"loc":{"start":{"line":10,"column":31},"end":{"line":10,"column":62}}},"6":{"name":"(anonymous_16)","decl":{"start":{"line":11,"column":26},"end":{"line":11,"column":29}},"loc":{"start":{"line":11,"column":31},"end":{"line":11,"column":62}}},"7":{"name":"(anonymous_17)","decl":{"start":{"line":11,"column":31},"end":{"line":11,"column":39}},"loc":{"start":{"line":11,"column":31},"end":{"line":11,"column":62}}},"8":{"name":"(anonymous_18)","decl":{"start":{"line":12,"column":22},"end":{"line":12,"column":25}},"loc":{"start":{"line":12,"column":27},"end":{"line":12,"column":54}}},"9":{"name":"(anonymous_19)","decl":{"start":{"line":12,"column":27},"end":{"line":12,"column":35}},"loc":{"start":{"line":12,"column":27},"end":{"line":12,"column":54}}},"10":{"name":"(anonymous_20)","decl":{"start":{"line":13,"column":30},"end":{"line":13,"column":33}},"loc":{"start":{"line":13,"column":35},"end":{"line":13,"column":70}}},"11":{"name":"(anonymous_21)","decl":{"start":{"line":13,"column":35},"end":{"line":13,"column":43}},"loc":{"start":{"line":13,"column":35},"end":{"line":13,"column":70}}},"12":{"name":"(anonymous_22)","decl":{"start":{"line":14,"column":25},"end":{"line":14,"column":28}},"loc":{"start":{"line":14,"column":30},"end":{"line":14,"column":60}}},"13":{"name":"(anonymous_23)","decl":{"start":{"line":14,"column":30},"end":{"line":14,"column":38}},"loc":{"start":{"line":14,"column":30},"end":{"line":14,"column":60}}},"14":{"name":"(anonymous_24)","decl":{"start":{"line":15,"column":26},"end":{"line":15,"column":29}},"loc":{"start":{"line":15,"column":31},"end":{"line":15,"column":62}}},"15":{"name":"(anonymous_25)","decl":{"start":{"line":15,"column":31},"end":{"line":15,"column":39}},"loc":{"start":{"line":15,"column":31},"end":{"line":15,"column":62}}},"16":{"name":"(anonymous_26)","decl":{"start":{"line":16,"column":23},"end":{"line":16,"column":26}},"loc":{"start":{"line":16,"column":28},"end":{"line":16,"column":56}}},"17":{"name":"(anonymous_27)","decl":{"start":{"line":16,"column":28},"end":{"line":16,"column":36}},"loc":{"start":{"line":16,"column":28},"end":{"line":16,"column":56}}},"18":{"name":"(anonymous_28)","decl":{"start":{"line":17,"column":26},"end":{"line":17,"column":29}},"loc":{"start":{"line":17,"column":31},"end":{"line":17,"column":62}}},"19":{"name":"(anonymous_29)","decl":{"start":{"line":17,"column":31},"end":{"line":17,"column":39}},"loc":{"start":{"line":17,"column":31},"end":{"line":17,"column":62}}},"20":{"name":"LoadingScreen","decl":{"start":{"line":21,"column":9},"end":{"line":21,"column":22}},"loc":{"start":{"line":21,"column":22},"end":{"line":30,"column":1}}},"21":{"name":"App","decl":{"start":{"line":32,"column":24},"end":{"line":32,"column":27}},"loc":{"start":{"line":32,"column":27},"end":{"line":57,"column":1}}}},"branchMap":{},"s":{"0":0,"1":0,"2":0,"3":0,"4":0,"5":0,"6":0,"7":0,"8":0,"9":0,"10":0,"11":0,"12":0,"13":0,"14":0,"15":0,"16":0,"17":0,"18":0,"19":0,"20":0,"21":0,"22":0,"23":0,"24":0,"25":0,"26":0,"27":0,"28":0,"29":0,"30":0},"f":{"0":0,"1":0,"2":0,"3":0,"4":0,"5":0,"6":0,"7":0,"8":0,"9":0,"10":0,"11":0,"12":0,"13":0,"14":0,"15":0,"16":0,"17":0,"18":0,"19":0,"20":0,"21":0},"b":{}}
,"/home/the-mishra-ji/Desktop/hackathonpart2/src/components/organisms/FloatingChat.tsx": {"path":"/home/the-mishra-ji/Desktop/hackathonpart2/src/components/organisms/FloatingChat.tsx","statementMap":{"0":{"start":{"line":2,"column":0},"end":{"line":2,"column":59}},"1":{"start":{"line":3,"column":0},"end":{"line":3,"column":53}},"2":{"start":{"line":4,"column":0},"end":{"line":4,"column":84}},"3":{"start":{"line":5,"column":0},"end":{"line":5,"column":34}},"4":{"start":{"line":6,"column":0},"end":{"line":6,"column":39}},"5":{"start":{"line":8,"column":0},"end":{"line":8,"column":47}},"6":{"start":{"line":10,"column":16},"end":{"line":10,"column":74}},"7":{"start":{"line":12,"column":20},"end":{"line":16,"column":2}},"8":{"start":{"line":18,"column":79},"end":{"line":34,"column":2}},"9":{"start":{"line":37,"column":16},"end":{"line":37,"column":35}},"10":{"start":{"line":38,"column":2},"end":{"line":38,"column":65}},"11":{"start":{"line":38,"column":34},"end":{"line":38,"column":65}},"12":{"start":{"line":39,"column":2},"end":{"line":39,"column":96}},"13":{"start":{"line":39,"column":64},"end":{"line":39,"column":96}},"14":{"start":{"line":40,"column":2},"end":{"line":40,"column":91}},"15":{"start":{"line":40,"column":60},"end":{"line":40,"column":91}},"16":{"start":{"line":41,"column":2},"end":{"line":45,"column":4}},"17":{"start":{"line":50,"column":2},"end":{"line":50,"column":87}},"18":{"start":{"line":53,"column":52},"end":{"line":77,"column":1}},"19":{"start":{"line":54,"column":15},"end":{"line":54,"column":39}},"20":{"start":{"line":55,"column":2},"end":{"line":76,"column":4}},"21":{"start":{"line":69,"column":12},"end":{"line":69,"column":29}},"22":{"start":{"line":84,"column":31},"end":{"line":296,"column":1}},"23":{"start":{"line":85,"column":23},"end":{"line":85,"column":36}},"24":{"start":{"line":86,"column":36},"end":{"line":86,"column":50}},"25":{"start":{"line":87,"column":30},"end":{"line":87,"column":45}},"26":{"start":{"line":88,"column":38},"end":{"line":88,"column":50}},"27":{"start":{"line":89,"column":42},"end":{"line":89,"column":69}},"28":{"start":{"line":90,"column":25},"end":{"line":90,"column":53}},"29":{"start":{"line":91,"column":19},"end":{"line":91,"column":49}},"30":{"start":{"line":94,"column":2},"end":{"line":96,"column":32}},"31":{"start":{"line":95,"column":4},"end":{"line":95,"column":67}},"32":{"start":{"line":99,"column":2},"end":{"line":103,"column":15}},"33":{"start":{"line":100,"column":4},"end":{"line":102,"column":5}},"34":{"start":{"line":101,"column":6},"end":{"line":101,"column":55}},"35":{"start":{"line":101,"column":23},"end":{"line":101,"column":48}},"36":{"start":{"line":106,"column":2},"end":{"line":106,"column":40}},"37":{"start":{"line":106,"column":28},"end":{"line":106,"column":40}},"38":{"start":{"line":108,"column":21},"end":{"line":153,"column":3}},"39":{"start":{"line":109,"column":21},"end":{"line":109,"column":48}},"40":{"start":{"line":110,"column":4},"end":{"line":110,"column":39}},"41":{"start":{"line":110,"column":32},"end":{"line":110,"column":39}},"42":{"start":{"line":111,"column":22},"end":{"line":111,"column":72}},"43":{"start":{"line":112,"column":4},"end":{"line":112,"column":27}},"44":{"start":{"line":112,"column":20},"end":{"line":112,"column":27}},"45":{"start":{"line":113,"column":4},"end":{"line":113,"column":22}},"46":{"start":{"line":115,"column":33},"end":{"line":120,"column":6}},"47":{"start":{"line":121,"column":4},"end":{"line":121,"column":50}},"48":{"start":{"line":121,"column":30},"end":{"line":121,"column":48}},"49":{"start":{"line":122,"column":4},"end":{"line":122,"column":21}},"50":{"start":{"line":124,"column":4},"end":{"line":151,"column":5}},"51":{"start":{"line":125,"column":23},"end":{"line":129,"column":8}},"52":{"start":{"line":130,"column":6},"end":{"line":130,"column":53}},"53":{"start":{"line":130,"column":24},"end":{"line":130,"column":53}},"54":{"start":{"line":131,"column":19},"end":{"line":131,"column":83}},"55":{"start":{"line":132,"column":33},"end":{"line":138,"column":8}},"56":{"start":{"line":139,"column":6},"end":{"line":139,"column":50}},"57":{"start":{"line":139,"column":32},"end":{"line":139,"column":48}},"58":{"start":{"line":141,"column":6},"end":{"line":141,"column":57}},"59":{"start":{"line":141,"column":37},"end":{"line":141,"column":55}},"60":{"start":{"line":142,"column":35},"end":{"line":142,"column":61}},"61":{"start":{"line":143,"column":33},"end":{"line":149,"column":8}},"62":{"start":{"line":150,"column":6},"end":{"line":150,"column":50}},"63":{"start":{"line":150,"column":32},"end":{"line":150,"column":48}},"64":{"start":{"line":152,"column":4},"end":{"line":152,"column":22}},"65":{"start":{"line":155,"column":24},"end":{"line":160,"column":3}},"66":{"start":{"line":156,"column":4},"end":{"line":159,"column":5}},"67":{"start":{"line":157,"column":6},"end":{"line":157,"column":25}},"68":{"start":{"line":158,"column":6},"end":{"line":158,"column":24}},"69":{"start":{"line":162,"column":22},"end":{"line":162,"column":79}},"70":{"start":{"line":162,"column":49},"end":{"line":162,"column":71}},"71":{"start":{"line":164,"column":2},"end":{"line":295,"column":4}},"72":{"start":{"line":186,"column":31},"end":{"line":186,"column":47}},"73":{"start":{"line":193,"column":31},"end":{"line":193,"column":47}},"74":{"start":{"line":214,"column":20},"end":{"line":215,"column":null}},"75":{"start":{"line":217,"column":37},"end":{"line":217,"column":60}},"76":{"start":{"line":226,"column":40},"end":{"line":226,"column":66}},"77":{"start":{"line":248,"column":31},"end":{"line":248,"column":50}},"78":{"start":{"line":248,"column":51},"end":{"line":248,"column":69}},"79":{"start":{"line":260,"column":31},"end":{"line":260,"column":60}},"80":{"start":{"line":282,"column":23},"end":{"line":282,"column":41}},"81":{"start":{"line":298,"column":0},"end":{"line":298,"column":28}}},"fnMap":{"0":{"name":"getMockResponse","decl":{"start":{"line":36,"column":9},"end":{"line":36,"column":24}},"loc":{"start":{"line":36,"column":38},"end":{"line":46,"column":1}}},"1":{"name":"format","decl":{"start":{"line":49,"column":9},"end":{"line":49,"column":15}},"loc":{"start":{"line":49,"column":28},"end":{"line":51,"column":1}}},"2":{"name":"(anonymous_12)","decl":{"start":{"line":53,"column":52},"end":{"line":53,"column":53}},"loc":{"start":{"line":53,"column":64},"end":{"line":77,"column":1}}},"3":{"name":"(anonymous_13)","decl":{"start":{"line":68,"column":27},"end":{"line":68,"column":28}},"loc":{"start":{"line":69,"column":12},"end":{"line":69,"column":29}}},"4":{"name":"(anonymous_14)","decl":{"start":{"line":84,"column":31},"end":{"line":84,"column":34}},"loc":{"start":{"line":84,"column":36},"end":{"line":296,"column":1}}},"5":{"name":"(anonymous_15)","decl":{"start":{"line":94,"column":12},"end":{"line":94,"column":15}},"loc":{"start":{"line":94,"column":17},"end":{"line":96,"column":3}}},"6":{"name":"(anonymous_16)","decl":{"start":{"line":99,"column":12},"end":{"line":99,"column":15}},"loc":{"start":{"line":99,"column":17},"end":{"line":103,"column":3}}},"7":{"name":"(anonymous_17)","decl":{"start":{"line":101,"column":17},"end":{"line":101,"column":20}},"loc":{"start":{"line":101,"column":23},"end":{"line":101,"column":48}}},"8":{"name":"(anonymous_18)","decl":{"start":{"line":108,"column":21},"end":{"line":108,"column":26}},"loc":{"start":{"line":108,"column":45},"end":{"line":153,"column":3}}},"9":{"name":"(anonymous_19)","decl":{"start":{"line":121,"column":20},"end":{"line":121,"column":21}},"loc":{"start":{"line":121,"column":30},"end":{"line":121,"column":48}}},"10":{"name":"(anonymous_20)","decl":{"start":{"line":139,"column":22},"end":{"line":139,"column":23}},"loc":{"start":{"line":139,"column":32},"end":{"line":139,"column":48}}},"11":{"name":"(anonymous_21)","decl":{"start":{"line":141,"column":30},"end":{"line":141,"column":31}},"loc":{"start":{"line":141,"column":37},"end":{"line":141,"column":55}}},"12":{"name":"(anonymous_22)","decl":{"start":{"line":150,"column":22},"end":{"line":150,"column":23}},"loc":{"start":{"line":150,"column":32},"end":{"line":150,"column":48}}},"13":{"name":"(anonymous_23)","decl":{"start":{"line":155,"column":24},"end":{"line":155,"column":25}},"loc":{"start":{"line":155,"column":69},"end":{"line":160,"column":3}}},"14":{"name":"(anonymous_24)","decl":{"start":{"line":162,"column":42},"end":{"line":162,"column":43}},"loc":{"start":{"line":162,"column":49},"end":{"line":162,"column":71}}},"15":{"name":"(anonymous_25)","decl":{"start":{"line":186,"column":25},"end":{"line":186,"column":28}},"loc":{"start":{"line":186,"column":31},"end":{"line":186,"column":47}}},"16":{"name":"(anonymous_26)","decl":{"start":{"line":193,"column":25},"end":{"line":193,"column":28}},"loc":{"start":{"line":193,"column":31},"end":{"line":193,"column":47}}},"17":{"name":"(anonymous_27)","decl":{"start":{"line":213,"column":35},"end":{"line":213,"column":36}},"loc":{"start":{"line":214,"column":20},"end":{"line":215,"column":null}}},"18":{"name":"(anonymous_28)","decl":{"start":{"line":217,"column":31},"end":{"line":217,"column":34}},"loc":{"start":{"line":217,"column":37},"end":{"line":217,"column":60}}},"19":{"name":"(anonymous_29)","decl":{"start":{"line":226,"column":31},"end":{"line":226,"column":32}},"loc":{"start":{"line":226,"column":40},"end":{"line":226,"column":66}}},"20":{"name":"(anonymous_30)","decl":{"start":{"line":248,"column":22},"end":{"line":248,"column":23}},"loc":{"start":{"line":248,"column":28},"end":{"line":248,"column":71}}},"21":{"name":"(anonymous_31)","decl":{"start":{"line":260,"column":24},"end":{"line":260,"column":25}},"loc":{"start":{"line":260,"column":31},"end":{"line":260,"column":60}}},"22":{"name":"(anonymous_32)","decl":{"start":{"line":282,"column":17},"end":{"line":282,"column":20}},"loc":{"start":{"line":282,"column":23},"end":{"line":282,"column":41}}}},"branchMap":{"0":{"loc":{"start":{"line":38,"column":2},"end":{"line":38,"column":65}},"type":"if","locations":[{"start":{"line":38,"column":2},"end":{"line":38,"column":65}},{"start":{},"end":{}}]},"1":{"loc":{"start":{"line":39,"column":2},"end":{"line":39,"column":96}},"type":"if","locations":[{"start":{"line":39,"column":2},"end":{"line":39,"column":96}},{"start":{},"end":{}}]},"2":{"loc":{"start":{"line":39,"column":6},"end":{"line":39,"column":62}},"type":"binary-expr","locations":[{"start":{"line":39,"column":6},"end":{"line":39,"column":33}},{"start":{"line":39,"column":37},"end":{"line":39,"column":62}}]},"3":{"loc":{"start":{"line":40,"column":2},"end":{"line":40,"column":91}},"type":"if","locations":[{"start":{"line":40,"column":2},"end":{"line":40,"column":91}},{"start":{},"end":{}}]},"4":{"loc":{"start":{"line":40,"column":6},"end":{"line":40,"column":58}},"type":"binary-expr","locations":[{"start":{"line":40,"column":6},"end":{"line":40,"column":32}},{"start":{"line":40,"column":36},"end":{"line":40,"column":58}}]},"5":{"loc":{"start":{"line":56,"column":41},"end":{"line":56,"column":85}},"type":"cond-expr","locations":[{"start":{"line":56,"column":48},"end":{"line":56,"column":64}},{"start":{"line":56,"column":67},"end":{"line":56,"column":85}}]},"6":{"loc":{"start":{"line":57,"column":7},"end":{"line":60,"column":null}},"type":"binary-expr","locations":[{"start":{"line":57,"column":7},"end":{"line":57,"column":11}},{"start":{"line":58,"column":8},"end":{"line":59,"column":null}}]},"7":{"loc":{"start":{"line":66,"column":7},"end":{"line":73,"column":null}},"type":"binary-expr","locations":[{"start":{"line":66,"column":7},"end":{"line":66,"column":11}},{"start":{"line":66,"column":15},"end":{"line":66,"column":26}},{"start":{"line":66,"column":30},"end":{"line":66,"column":52}},{"start":{"line":67,"column":8},"end":{"line":72,"column":null}}]},"8":{"loc":{"start":{"line":100,"column":4},"end":{"line":102,"column":5}},"type":"if","locations":[{"start":{"line":100,"column":4},"end":{"line":102,"column":5}},{"start":{},"end":{}}]},"9":{"loc":{"start":{"line":106,"column":2},"end":{"line":106,"column":40}},"type":"if","locations":[{"start":{"line":106,"column":2},"end":{"line":106,"column":40}},{"start":{},"end":{}}]},"10":{"loc":{"start":{"line":109,"column":22},"end":{"line":109,"column":40}},"type":"binary-expr","locations":[{"start":{"line":109,"column":22},"end":{"line":109,"column":26}},{"start":{"line":109,"column":30},"end":{"line":109,"column":40}}]},"11":{"loc":{"start":{"line":110,"column":4},"end":{"line":110,"column":39}},"type":"if","locations":[{"start":{"line":110,"column":4},"end":{"line":110,"column":39}},{"start":{},"end":{}}]},"12":{"loc":{"start":{"line":110,"column":8},"end":{"line":110,"column":30}},"type":"binary-expr","locations":[{"start":{"line":110,"column":8},"end":{"line":110,"column":17}},{"start":{"line":110,"column":21},"end":{"line":110,"column":30}}]},"13":{"loc":{"start":{"line":112,"column":4},"end":{"line":112,"column":27}},"type":"if","locations":[{"start":{"line":112,"column":4},"end":{"line":112,"column":27}},{"start":{},"end":{}}]},"14":{"loc":{"start":{"line":130,"column":6},"end":{"line":130,"column":53}},"type":"if","locations":[{"start":{"line":130,"column":6},"end":{"line":130,"column":53}},{"start":{},"end":{}}]},"15":{"loc":{"start":{"line":137,"column":17},"end":{"line":137,"column":35}},"type":"binary-expr","locations":[{"start":{"line":137,"column":17},"end":{"line":137,"column":29}},{"start":{"line":137,"column":33},"end":{"line":137,"column":35}}]},"16":{"loc":{"start":{"line":156,"column":4},"end":{"line":159,"column":5}},"type":"if","locations":[{"start":{"line":156,"column":4},"end":{"line":159,"column":5}},{"start":{},"end":{}}]},"17":{"loc":{"start":{"line":167,"column":7},"end":{"line":276,"column":null}},"type":"binary-expr","locations":[{"start":{"line":167,"column":7},"end":{"line":167,"column":13}},{"start":{"line":168,"column":8},"end":{"line":275,"column":null}}]},"18":{"loc":{"start":{"line":208,"column":13},"end":{"line":226,"column":null}},"type":"cond-expr","locations":[{"start":{"line":209,"column":14},"end":{"line":223,"column":null}},{"start":{"line":226,"column":14},"end":{"line":226,"column":79}}]},"19":{"loc":{"start":{"line":229,"column":13},"end":{"line":240,"column":null}},"type":"binary-expr","locations":[{"start":{"line":229,"column":13},"end":{"line":229,"column":22}},{"start":{"line":230,"column":14},"end":{"line":239,"column":null}}]},"20":{"loc":{"start":{"line":270,"column":24},"end":{"line":270,"column":55}},"type":"binary-expr","locations":[{"start":{"line":270,"column":24},"end":{"line":270,"column":42}},{"start":{"line":270,"column":46},"end":{"line":270,"column":55}}]},"21":{"loc":{"start":{"line":283,"column":20},"end":{"line":283,"column":71}},"type":"cond-expr","locations":[{"start":{"line":283,"column":29},"end":{"line":283,"column":49}},{"start":{"line":283,"column":52},"end":{"line":283,"column":71}}]},"22":{"loc":{"start":{"line":287,"column":9},"end":{"line":287,"column":101}},"type":"cond-expr","locations":[{"start":{"line":287,"column":18},"end":{"line":287,"column":52}},{"start":{"line":287,"column":55},"end":{"line":287,"column":101}}]},"23":{"loc":{"start":{"line":288,"column":9},"end":{"line":291,"column":null}},"type":"binary-expr","locations":[{"start":{"line":288,"column":9},"end":{"line":288,"column":16}},{"start":{"line":288,"column":20},"end":{"line":288,"column":43}},{"start":{"line":289,"column":10},"end":{"line":290,"column":null}}]},"24":{"loc":{"start":{"line":290,"column":13},"end":{"line":290,"column":49}},"type":"cond-expr","locations":[{"start":{"line":290,"column":31},"end":{"line":290,"column":35}},{"start":{"line":290,"column":38},"end":{"line":290,"column":49}}]}},"s":{"0":0,"1":0,"2":0,"3":0,"4":0,"5":0,"6":0,"7":0,"8":0,"9":0,"10":0,"11":0,"12":0,"13":0,"14":0,"15":0,"16":0,"17":0,"18":0,"19":0,"20":0,"21":0,"22":0,"23":0,"24":0,"25":0,"26":0,"27":0,"28":0,"29":0,"30":0,"31":0,"32":0,"33":0,"34":0,"35":0,"36":0,"37":0,"38":0,"39":0,"40":0,"41":0,"42":0,"43":0,"44":0,"45":0,"46":0,"47":0,"48":0,"49":0,"50":0,"51":0,"52":0,"53":0,"54":0,"55":0,"56":0,"57":0,"58":0,"59":0,"60":0,"61":0,"62":0,"63":0,"64":0,"65":0,"66":0,"67":0,"68":0,"69":0,"70":0,"71":0,"72":0,"73":0,"74":0,"75":0,"76":0,"77":0,"78":0,"79":0,"80":0,"81":0},"f":{"0":0,"1":0,"2":0,"3":0,"4":0,"5":0,"6":0,"7":0,"8":0,"9":0,"10":0,"11":0,"12":0,"13":0,"14":0,"15":0,"16":0,"17":0,"18":0,"19":0,"20":0,"21":0,"22":0},"b":{"0":[0,0],"1":[0,0],"2":[0,0],"3":[0,0],"4":[0,0],"5":[0,0],"6":[0,0],"7":[0,0,0,0],"8":[0,0],"9":[0,0],"10":[0,0],"11":[0,0],"12":[0,0],"13":[0,0],"14":[0,0],"15":[0,0],"16":[0,0],"17":[0,0],"18":[0,0],"19":[0,0],"20":[0,0],"21":[0,0],"22":[0,0],"23":[0,0,0],"24":[0,0]}}
,"/home/the-mishra-ji/Desktop/hackathonpart2/src/components/organisms/Footer.tsx": {"path":"/home/the-mishra-ji/Desktop/hackathonpart2/src/components/organisms/Footer.tsx","statementMap":{"0":{"start":{"line":1,"column":0},"end":{"line":1,"column":26}},"1":{"start":{"line":2,"column":0},"end":{"line":2,"column":40}},"2":{"start":{"line":3,"column":0},"end":{"line":3,"column":47}},"3":{"start":{"line":4,"column":0},"end":{"line":4,"column":58}},"4":{"start":{"line":5,"column":0},"end":{"line":5,"column":41}},"5":{"start":{"line":10,"column":25},"end":{"line":79,"column":1}},"6":{"start":{"line":11,"column":16},"end":{"line":11,"column":32}},"7":{"start":{"line":13,"column":2},"end":{"line":78,"column":4}},"8":{"start":{"line":81,"column":0},"end":{"line":81,"column":22}}},"fnMap":{"0":{"name":"(anonymous_1)","decl":{"start":{"line":10,"column":25},"end":{"line":10,"column":28}},"loc":{"start":{"line":10,"column":30},"end":{"line":79,"column":1}}}},"branchMap":{},"s":{"0":0,"1":0,"2":0,"3":0,"4":0,"5":0,"6":0,"7":0,"8":0},"f":{"0":0},"b":{}}
,"/home/the-mishra-ji/Desktop/hackathonpart2/src/components/organisms/Navbar.tsx": {"path":"/home/the-mishra-ji/Desktop/hackathonpart2/src/components/organisms/Navbar.tsx","statementMap":{"0":{"start":{"line":1,"column":0},"end":{"line":1,"column":51}},"1":{"start":{"line":2,"column":0},"end":{"line":2,"column":56}},"2":{"start":{"line":3,"column":0},"end":{"line":3,"column":47}},"3":{"start":{"line":4,"column":0},"end":{"line":4,"column":null}},"4":{"start":{"line":15,"column":0},"end":{"line":15,"column":41}},"5":{"start":{"line":16,"column":0},"end":{"line":16,"column":41}},"6":{"start":{"line":29,"column":25},"end":{"line":172,"column":1}},"7":{"start":{"line":30,"column":16},"end":{"line":30,"column":32}},"8":{"start":{"line":31,"column":19},"end":{"line":31,"column":32}},"9":{"start":{"line":32,"column":20},"end":{"line":32,"column":36}},"10":{"start":{"line":33,"column":38},"end":{"line":33,"column":53}},"11":{"start":{"line":34,"column":38},"end":{"line":34,"column":53}},"12":{"start":{"line":36,"column":30},"end":{"line":43,"column":4}},"13":{"start":{"line":45,"column":2},"end":{"line":49,"column":9}},"14":{"start":{"line":46,"column":25},"end":{"line":46,"column":65}},"15":{"start":{"line":46,"column":31},"end":{"line":46,"column":65}},"16":{"start":{"line":47,"column":4},"end":{"line":47,"column":71}},"17":{"start":{"line":48,"column":4},"end":{"line":48,"column":68}},"18":{"start":{"line":48,"column":17},"end":{"line":48,"column":67}},"19":{"start":{"line":52,"column":2},"end":{"line":55,"column":26}},"20":{"start":{"line":54,"column":4},"end":{"line":54,"column":25}},"21":{"start":{"line":58,"column":2},"end":{"line":64,"column":9}},"22":{"start":{"line":59,"column":22},"end":{"line":61,"column":5}},"23":{"start":{"line":60,"column":6},"end":{"line":60,"column":51}},"24":{"start":{"line":60,"column":30},"end":{"line":60,"column":51}},"25":{"start":{"line":62,"column":4},"end":{"line":62,"column":52}},"26":{"start":{"line":63,"column":4},"end":{"line":63,"column":68}},"27":{"start":{"line":63,"column":17},"end":{"line":63,"column":67}},"28":{"start":{"line":66,"column":2},"end":{"line":171,"column":4}},"29":{"start":{"line":94,"column":12},"end":{"line":94,"column":null}},"30":{"start":{"line":99,"column":18},"end":{"line":99,"column":77}},"31":{"start":{"line":123,"column":27},"end":{"line":123,"column":53}},"32":{"start":{"line":143,"column":14},"end":{"line":143,"column":null}},"33":{"start":{"line":148,"column":20},"end":{"line":148,"column":91}},"34":{"start":{"line":174,"column":0},"end":{"line":174,"column":22}}},"fnMap":{"0":{"name":"(anonymous_10)","decl":{"start":{"line":29,"column":25},"end":{"line":29,"column":28}},"loc":{"start":{"line":29,"column":30},"end":{"line":172,"column":1}}},"1":{"name":"(anonymous_11)","decl":{"start":{"line":45,"column":12},"end":{"line":45,"column":15}},"loc":{"start":{"line":45,"column":17},"end":{"line":49,"column":3}}},"2":{"name":"(anonymous_12)","decl":{"start":{"line":46,"column":25},"end":{"line":46,"column":28}},"loc":{"start":{"line":46,"column":31},"end":{"line":46,"column":65}}},"3":{"name":"(anonymous_13)","decl":{"start":{"line":48,"column":11},"end":{"line":48,"column":14}},"loc":{"start":{"line":48,"column":17},"end":{"line":48,"column":67}}},"4":{"name":"(anonymous_14)","decl":{"start":{"line":52,"column":12},"end":{"line":52,"column":15}},"loc":{"start":{"line":52,"column":17},"end":{"line":55,"column":3}}},"5":{"name":"(anonymous_15)","decl":{"start":{"line":58,"column":12},"end":{"line":58,"column":15}},"loc":{"start":{"line":58,"column":17},"end":{"line":64,"column":3}}},"6":{"name":"(anonymous_16)","decl":{"start":{"line":59,"column":22},"end":{"line":59,"column":23}},"loc":{"start":{"line":59,"column":43},"end":{"line":61,"column":5}}},"7":{"name":"(anonymous_17)","decl":{"start":{"line":63,"column":11},"end":{"line":63,"column":14}},"loc":{"start":{"line":63,"column":17},"end":{"line":63,"column":67}}},"8":{"name":"(anonymous_18)","decl":{"start":{"line":93,"column":24},"end":{"line":93,"column":25}},"loc":{"start":{"line":94,"column":12},"end":{"line":94,"column":null}}},"9":{"name":"(anonymous_19)","decl":{"start":{"line":98,"column":27},"end":{"line":98,"column":28}},"loc":{"start":{"line":99,"column":18},"end":{"line":99,"column":77}}},"10":{"name":"(anonymous_20)","decl":{"start":{"line":123,"column":21},"end":{"line":123,"column":24}},"loc":{"start":{"line":123,"column":27},"end":{"line":123,"column":53}}},"11":{"name":"(anonymous_21)","decl":{"start":{"line":142,"column":26},"end":{"line":142,"column":27}},"loc":{"start":{"line":143,"column":14},"end":{"line":143,"column":null}}},"12":{"name":"(anonymous_22)","decl":{"start":{"line":147,"column":29},"end":{"line":147,"column":30}},"loc":{"start":{"line":148,"column":20},"end":{"line":148,"column":91}}}},"branchMap":{"0":{"loc":{"start":{"line":60,"column":6},"end":{"line":60,"column":51}},"type":"if","locations":[{"start":{"line":60,"column":6},"end":{"line":60,"column":51}},{"start":{},"end":{}}]},"1":{"loc":{"start":{"line":68,"column":37},"end":{"line":68,"column":70}},"type":"cond-expr","locations":[{"start":{"line":68,"column":50},"end":{"line":68,"column":65}},{"start":{"line":68,"column":68},"end":{"line":68,"column":70}}]},"2":{"loc":{"start":{"line":99,"column":39},"end":{"line":99,"column":75}},"type":"cond-expr","locations":[{"start":{"line":99,"column":50},"end":{"line":99,"column":70}},{"start":{"line":99,"column":73},"end":{"line":99,"column":75}}]},"3":{"loc":{"start":{"line":124,"column":24},"end":{"line":124,"column":85}},"type":"cond-expr","locations":[{"start":{"line":124,"column":37},"end":{"line":124,"column":60}},{"start":{"line":124,"column":63},"end":{"line":124,"column":85}}]},"4":{"loc":{"start":{"line":128,"column":13},"end":{"line":128,"column":100}},"type":"cond-expr","locations":[{"start":{"line":128,"column":26},"end":{"line":128,"column":60}},{"start":{"line":128,"column":63},"end":{"line":128,"column":100}}]},"5":{"loc":{"start":{"line":134,"column":7},"end":{"line":168,"column":null}},"type":"binary-expr","locations":[{"start":{"line":134,"column":7},"end":{"line":134,"column":17}},{"start":{"line":135,"column":8},"end":{"line":167,"column":null}}]},"6":{"loc":{"start":{"line":148,"column":47},"end":{"line":148,"column":89}},"type":"cond-expr","locations":[{"start":{"line":148,"column":58},"end":{"line":148,"column":84}},{"start":{"line":148,"column":87},"end":{"line":148,"column":89}}]}},"s":{"0":0,"1":0,"2":0,"3":0,"4":0,"5":0,"6":0,"7":0,"8":0,"9":0,"10":0,"11":0,"12":0,"13":0,"14":0,"15":0,"16":0,"17":0,"18":0,"19":0,"20":0,"21":0,"22":0,"23":0,"24":0,"25":0,"26":0,"27":0,"28":0,"29":0,"30":0,"31":0,"32":0,"33":0,"34":0},"f":{"0":0,"1":0,"2":0,"3":0,"4":0,"5":0,"6":0,"7":0,"8":0,"9":0,"10":0,"11":0,"12":0},"b":{"0":[0,0],"1":[0,0],"2":[0,0],"3":[0,0],"4":[0,0],"5":[0,0],"6":[0,0]}}
,"/home/the-mishra-ji/Desktop/hackathonpart2/src/i18n/index.ts": {"path":"/home/the-mishra-ji/Desktop/hackathonpart2/src/i18n/index.ts","statementMap":{"0":{"start":{"line":1,"column":0},"end":{"line":1,"column":27}},"1":{"start":{"line":2,"column":0},"end":{"line":2,"column":49}},"2":{"start":{"line":3,"column":0},"end":{"line":3,"column":64}},"3":{"start":{"line":4,"column":0},"end":{"line":4,"column":27}},"4":{"start":{"line":5,"column":0},"end":{"line":5,"column":27}},"5":{"start":{"line":7,"column":0},"end":{"line":24,"column":5}},"6":{"start":{"line":26,"column":0},"end":{"line":26,"column":20}}},"fnMap":{},"branchMap":{},"s":{"0":0,"1":0,"2":0,"3":0,"4":0,"5":0,"6":0},"f":{},"b":{}}
,"/home/the-mishra-ji/Desktop/hackathonpart2/src/layouts/RootLayout.tsx": {"path":"/home/the-mishra-ji/Desktop/hackathonpart2/src/layouts/RootLayout.tsx","statementMap":{"0":{"start":{"line":1,"column":0},"end":{"line":1,"column":26}},"1":{"start":{"line":2,"column":0},"end":{"line":2,"column":51}},"2":{"start":{"line":3,"column":0},"end":{"line":3,"column":51}},"3":{"start":{"line":4,"column":0},"end":{"line":4,"column":63}},"4":{"start":{"line":5,"column":0},"end":{"line":5,"column":45}},"5":{"start":{"line":15,"column":46},"end":{"line":40,"column":1}},"6":{"start":{"line":16,"column":2},"end":{"line":39,"column":4}},"7":{"start":{"line":42,"column":0},"end":{"line":42,"column":26}}},"fnMap":{"0":{"name":"(anonymous_1)","decl":{"start":{"line":15,"column":46},"end":{"line":15,"column":47}},"loc":{"start":{"line":15,"column":63},"end":{"line":40,"column":1}}}},"branchMap":{},"s":{"0":0,"1":0,"2":0,"3":0,"4":0,"5":0,"6":0,"7":0},"f":{"0":0},"b":{}}
,"/home/the-mishra-ji/Desktop/hackathonpart2/src/pages/AdminPage.tsx": {"path":"/home/the-mishra-ji/Desktop/hackathonpart2/src/pages/AdminPage.tsx","statementMap":{"0":{"start":{"line":1,"column":0},"end":{"line":1,"column":26}},"1":{"start":{"line":2,"column":0},"end":{"line":2,"column":39}},"2":{"start":{"line":3,"column":0},"end":{"line":3,"column":44}},"3":{"start":{"line":5,"column":19},"end":{"line":10,"column":2}},"4":{"start":{"line":12,"column":22},"end":{"line":15,"column":2}},"5":{"start":{"line":17,"column":28},"end":{"line":56,"column":1}},"6":{"start":{"line":18,"column":19},"end":{"line":18,"column":33}},"7":{"start":{"line":20,"column":2},"end":{"line":27,"column":3}},"8":{"start":{"line":21,"column":4},"end":{"line":26,"column":6}},"9":{"start":{"line":29,"column":2},"end":{"line":55,"column":4}},"10":{"start":{"line":40,"column":12},"end":{"line":40,"column":31}},"11":{"start":{"line":50,"column":41},"end":{"line":50,"column":53}},"12":{"start":{"line":58,"column":0},"end":{"line":58,"column":25}}},"fnMap":{"0":{"name":"(anonymous_1)","decl":{"start":{"line":17,"column":28},"end":{"line":17,"column":31}},"loc":{"start":{"line":17,"column":33},"end":{"line":56,"column":1}}},"1":{"name":"(anonymous_2)","decl":{"start":{"line":39,"column":26},"end":{"line":39,"column":27}},"loc":{"start":{"line":40,"column":12},"end":{"line":40,"column":31}}},"2":{"name":"(anonymous_3)","decl":{"start":{"line":50,"column":31},"end":{"line":50,"column":32}},"loc":{"start":{"line":50,"column":41},"end":{"line":50,"column":53}}}},"branchMap":{"0":{"loc":{"start":{"line":20,"column":2},"end":{"line":27,"column":3}},"type":"if","locations":[{"start":{"line":20,"column":2},"end":{"line":27,"column":3}},{"start":{},"end":{}}]}},"s":{"0":0,"1":0,"2":0,"3":0,"4":0,"5":0,"6":0,"7":0,"8":0,"9":0,"10":0,"11":0,"12":0},"f":{"0":0,"1":0,"2":0},"b":{"0":[0,0]}}
,"/home/the-mishra-ji/Desktop/hackathonpart2/src/pages/ChatPage.tsx": {"path":"/home/the-mishra-ji/Desktop/hackathonpart2/src/pages/ChatPage.tsx","statementMap":{"0":{"start":{"line":1,"column":0},"end":{"line":1,"column":59}},"1":{"start":{"line":2,"column":0},"end":{"line":2,"column":51}},"2":{"start":{"line":3,"column":0},"end":{"line":3,"column":47}},"3":{"start":{"line":4,"column":0},"end":{"line":4,"column":null}},"4":{"start":{"line":7,"column":0},"end":{"line":7,"column":34}},"5":{"start":{"line":8,"column":0},"end":{"line":8,"column":46}},"6":{"start":{"line":9,"column":0},"end":{"line":9,"column":48}},"7":{"start":{"line":10,"column":0},"end":{"line":10,"column":39}},"8":{"start":{"line":12,"column":0},"end":{"line":12,"column":43}},"9":{"start":{"line":14,"column":22},"end":{"line":21,"column":2}},"10":{"start":{"line":23,"column":79},"end":{"line":36,"column":2}},"11":{"start":{"line":40,"column":16},"end":{"line":40,"column":35}},"12":{"start":{"line":41,"column":2},"end":{"line":41,"column":99}},"13":{"start":{"line":41,"column":68},"end":{"line":41,"column":99}},"14":{"start":{"line":42,"column":2},"end":{"line":42,"column":96}},"15":{"start":{"line":42,"column":64},"end":{"line":42,"column":96}},"16":{"start":{"line":43,"column":2},"end":{"line":43,"column":32}},"17":{"start":{"line":48,"column":2},"end":{"line":50,"column":29}},"18":{"start":{"line":57,"column":27},"end":{"line":351,"column":1}},"19":{"start":{"line":58,"column":16},"end":{"line":58,"column":32}},"20":{"start":{"line":59,"column":25},"end":{"line":59,"column":42}},"21":{"start":{"line":60,"column":92},"end":{"line":60,"column":106}},"22":{"start":{"line":61,"column":38},"end":{"line":61,"column":50}},"23":{"start":{"line":62,"column":25},"end":{"line":62,"column":53}},"24":{"start":{"line":63,"column":19},"end":{"line":63,"column":52}},"25":{"start":{"line":64,"column":25},"end":{"line":64,"column":38}},"26":{"start":{"line":67,"column":2},"end":{"line":69,"column":17}},"27":{"start":{"line":68,"column":4},"end":{"line":68,"column":67}},"28":{"start":{"line":71,"column":21},"end":{"line":195,"column":3}},"29":{"start":{"line":72,"column":21},"end":{"line":72,"column":48}},"30":{"start":{"line":73,"column":4},"end":{"line":73,"column":39}},"31":{"start":{"line":73,"column":32},"end":{"line":73,"column":39}},"32":{"start":{"line":75,"column":22},"end":{"line":75,"column":72}},"33":{"start":{"line":76,"column":4},"end":{"line":76,"column":27}},"34":{"start":{"line":76,"column":20},"end":{"line":76,"column":27}},"35":{"start":{"line":78,"column":4},"end":{"line":78,"column":22}},"36":{"start":{"line":80,"column":33},"end":{"line":85,"column":6}},"37":{"start":{"line":86,"column":4},"end":{"line":86,"column":24}},"38":{"start":{"line":87,"column":4},"end":{"line":87,"column":21}},"39":{"start":{"line":89,"column":4},"end":{"line":94,"column":5}},"40":{"start":{"line":90,"column":6},"end":{"line":93,"column":9}},"41":{"start":{"line":97,"column":6},"end":{"line":100,"column":22}},"42":{"start":{"line":103,"column":4},"end":{"line":192,"column":5}},"43":{"start":{"line":104,"column":23},"end":{"line":108,"column":8}},"44":{"start":{"line":110,"column":6},"end":{"line":112,"column":7}},"45":{"start":{"line":111,"column":8},"end":{"line":111,"column":61}},"46":{"start":{"line":114,"column":26},"end":{"line":114,"column":68}},"47":{"start":{"line":116,"column":6},"end":{"line":173,"column":7}},"48":{"start":{"line":118,"column":28},"end":{"line":118,"column":51}},"49":{"start":{"line":119,"column":39},"end":{"line":125,"column":10}},"50":{"start":{"line":126,"column":8},"end":{"line":126,"column":30}},"51":{"start":{"line":128,"column":23},"end":{"line":128,"column":48}},"52":{"start":{"line":129,"column":24},"end":{"line":129,"column":41}},"53":{"start":{"line":130,"column":26},"end":{"line":130,"column":28}},"54":{"start":{"line":131,"column":32},"end":{"line":131,"column":34}},"55":{"start":{"line":133,"column":8},"end":{"line":159,"column":9}},"56":{"start":{"line":134,"column":34},"end":{"line":134,"column":53}},"57":{"start":{"line":135,"column":10},"end":{"line":135,"column":26}},"58":{"start":{"line":135,"column":20},"end":{"line":135,"column":26}},"59":{"start":{"line":136,"column":24},"end":{"line":136,"column":63}},"60":{"start":{"line":137,"column":24},"end":{"line":137,"column":41}},"61":{"start":{"line":138,"column":10},"end":{"line":158,"column":11}},"62":{"start":{"line":139,"column":12},"end":{"line":139,"column":52}},"63":{"start":{"line":139,"column":43},"end":{"line":139,"column":52}},"64":{"start":{"line":140,"column":28},"end":{"line":140,"column":48}},"65":{"start":{"line":141,"column":12},"end":{"line":141,"column":35}},"66":{"start":{"line":141,"column":26},"end":{"line":141,"column":35}},"67":{"start":{"line":142,"column":12},"end":{"line":157,"column":54}},"68":{"start":{"line":143,"column":29},"end":{"line":143,"column":null}},"69":{"start":{"line":149,"column":14},"end":{"line":149,"column":62}},"70":{"start":{"line":149,"column":32},"end":{"line":149,"column":62}},"71":{"start":{"line":150,"column":14},"end":{"line":153,"column":15}},"72":{"start":{"line":151,"column":16},"end":{"line":151,"column":44}},"73":{"start":{"line":152,"column":16},"end":{"line":152,"column":56}},"74":{"start":{"line":154,"column":14},"end":{"line":156,"column":15}},"75":{"start":{"line":155,"column":16},"end":{"line":155,"column":47}},"76":{"start":{"line":161,"column":8},"end":{"line":161,"column":48}},"77":{"start":{"line":164,"column":21},"end":{"line":164,"column":85}},"78":{"start":{"line":165,"column":35},"end":{"line":171,"column":10}},"79":{"start":{"line":172,"column":8},"end":{"line":172,"column":26}},"80":{"start":{"line":175,"column":26},"end":{"line":175,"column":126}},"81":{"start":{"line":176,"column":6},"end":{"line":181,"column":7}},"82":{"start":{"line":177,"column":8},"end":{"line":180,"column":11}},"83":{"start":{"line":182,"column":6},"end":{"line":182,"column":92}},"84":{"start":{"line":182,"column":43},"end":{"line":182,"column":90}},"85":{"start":{"line":183,"column":35},"end":{"line":183,"column":61}},"86":{"start":{"line":184,"column":33},"end":{"line":190,"column":8}},"87":{"start":{"line":191,"column":6},"end":{"line":191,"column":24}},"88":{"start":{"line":194,"column":4},"end":{"line":194,"column":22}},"89":{"start":{"line":198,"column":2},"end":{"line":209,"column":9}},"90":{"start":{"line":199,"column":4},"end":{"line":199,"column":39}},"91":{"start":{"line":199,"column":32},"end":{"line":199,"column":39}},"92":{"start":{"line":200,"column":14},"end":{"line":200,"column":35}},"93":{"start":{"line":201,"column":4},"end":{"line":207,"column":5}},"94":{"start":{"line":202,"column":6},"end":{"line":202,"column":36}},"95":{"start":{"line":203,"column":6},"end":{"line":206,"column":14}},"96":{"start":{"line":204,"column":8},"end":{"line":204,"column":25}},"97":{"start":{"line":205,"column":8},"end":{"line":205,"column":22}},"98":{"start":{"line":211,"column":24},"end":{"line":216,"column":3}},"99":{"start":{"line":212,"column":4},"end":{"line":215,"column":5}},"100":{"start":{"line":213,"column":6},"end":{"line":213,"column":25}},"101":{"start":{"line":214,"column":6},"end":{"line":214,"column":24}},"102":{"start":{"line":218,"column":28},"end":{"line":221,"column":3}},"103":{"start":{"line":219,"column":19},"end":{"line":219,"column":51}},"104":{"start":{"line":220,"column":4},"end":{"line":220,"column":28}},"105":{"start":{"line":223,"column":2},"end":{"line":350,"column":4}},"106":{"start":{"line":236,"column":14},"end":{"line":237,"column":null}},"107":{"start":{"line":239,"column":31},"end":{"line":239,"column":55}},"108":{"start":{"line":282,"column":12},"end":{"line":282,"column":40}},"109":{"start":{"line":311,"column":29},"end":{"line":311,"column":48}},"110":{"start":{"line":311,"column":49},"end":{"line":311,"column":67}},"111":{"start":{"line":323,"column":31},"end":{"line":323,"column":60}},"112":{"start":{"line":358,"column":52},"end":{"line":399,"column":1}},"113":{"start":{"line":359,"column":15},"end":{"line":359,"column":43}},"114":{"start":{"line":360,"column":24},"end":{"line":360,"column":104}},"115":{"start":{"line":362,"column":2},"end":{"line":398,"column":4}},"116":{"start":{"line":382,"column":14},"end":{"line":383,"column":null}},"117":{"start":{"line":401,"column":0},"end":{"line":401,"column":24}},"118":{"start":{"line":408,"column":85},"end":{"line":408,"column":46534}},"119":{"start":{"line":408,"column":89},"end":{"line":408,"column":46506}},"120":{"start":{"line":408,"column":46516},"end":{"line":408,"column":46533}},"121":{"start":{"line":408,"column":46649},"end":{"line":408,"column":46655}},"122":{"start":{"line":408,"column":46770},"end":{"line":408,"column":46776}},"123":{"start":{"line":408,"column":46891},"end":{"line":408,"column":46897}},"124":{"start":{"line":408,"column":47016},"end":{"line":408,"column":47022}},"125":{"start":{"line":408,"column":47166},"end":{"line":408,"column":47172}}},"fnMap":{"0":{"name":"getMockResponse","decl":{"start":{"line":39,"column":9},"end":{"line":39,"column":24}},"loc":{"start":{"line":39,"column":38},"end":{"line":44,"column":1}}},"1":{"name":"formatContent","decl":{"start":{"line":47,"column":9},"end":{"line":47,"column":22}},"loc":{"start":{"line":47,"column":38},"end":{"line":51,"column":1}}},"2":{"name":"(anonymous_12)","decl":{"start":{"line":57,"column":27},"end":{"line":57,"column":30}},"loc":{"start":{"line":57,"column":32},"end":{"line":351,"column":1}}},"3":{"name":"(anonymous_13)","decl":{"start":{"line":67,"column":12},"end":{"line":67,"column":15}},"loc":{"start":{"line":67,"column":17},"end":{"line":69,"column":3}}},"4":{"name":"(anonymous_14)","decl":{"start":{"line":71,"column":21},"end":{"line":71,"column":26}},"loc":{"start":{"line":71,"column":45},"end":{"line":195,"column":3}}},"5":{"name":"(anonymous_15)","decl":{"start":{"line":182,"column":30},"end":{"line":182,"column":31}},"loc":{"start":{"line":182,"column":43},"end":{"line":182,"column":90}}},"6":{"name":"(anonymous_16)","decl":{"start":{"line":198,"column":12},"end":{"line":198,"column":15}},"loc":{"start":{"line":198,"column":17},"end":{"line":209,"column":3}}},"7":{"name":"(anonymous_17)","decl":{"start":{"line":203,"column":17},"end":{"line":203,"column":20}},"loc":{"start":{"line":203,"column":22},"end":{"line":206,"column":7}}},"8":{"name":"(anonymous_18)","decl":{"start":{"line":211,"column":24},"end":{"line":211,"column":25}},"loc":{"start":{"line":211,"column":72},"end":{"line":216,"column":3}}},"9":{"name":"(anonymous_19)","decl":{"start":{"line":218,"column":28},"end":{"line":218,"column":29}},"loc":{"start":{"line":218,"column":50},"end":{"line":221,"column":3}}},"10":{"name":"(anonymous_20)","decl":{"start":{"line":235,"column":31},"end":{"line":235,"column":32}},"loc":{"start":{"line":236,"column":14},"end":{"line":237,"column":null}}},"11":{"name":"(anonymous_21)","decl":{"start":{"line":239,"column":25},"end":{"line":239,"column":28}},"loc":{"start":{"line":239,"column":31},"end":{"line":239,"column":55}}},"12":{"name":"(anonymous_22)","decl":{"start":{"line":281,"column":24},"end":{"line":281,"column":25}},"loc":{"start":{"line":282,"column":12},"end":{"line":282,"column":40}}},"13":{"name":"(anonymous_23)","decl":{"start":{"line":311,"column":20},"end":{"line":311,"column":21}},"loc":{"start":{"line":311,"column":26},"end":{"line":311,"column":69}}},"14":{"name":"(anonymous_24)","decl":{"start":{"line":323,"column":24},"end":{"line":323,"column":25}},"loc":{"start":{"line":323,"column":31},"end":{"line":323,"column":60}}},"15":{"name":"(anonymous_25)","decl":{"start":{"line":358,"column":52},"end":{"line":358,"column":53}},"loc":{"start":{"line":358,"column":68},"end":{"line":399,"column":1}}},"16":{"name":"(anonymous_26)","decl":{"start":{"line":381,"column":33},"end":{"line":381,"column":34}},"loc":{"start":{"line":382,"column":14},"end":{"line":383,"column":null}}},"17":{"name":"oo_cm","decl":{"start":{"line":408,"column":77},"end":{"line":408,"column":82}},"loc":{"start":{"line":408,"column":82},"end":{"line":408,"column":46535}}}},"branchMap":{"0":{"loc":{"start":{"line":41,"column":2},"end":{"line":41,"column":99}},"type":"if","locations":[{"start":{"line":41,"column":2},"end":{"line":41,"column":99}},{"start":{},"end":{}}]},"1":{"loc":{"start":{"line":41,"column":6},"end":{"line":41,"column":66}},"type":"binary-expr","locations":[{"start":{"line":41,"column":6},"end":{"line":41,"column":32}},{"start":{"line":41,"column":36},"end":{"line":41,"column":66}}]},"2":{"loc":{"start":{"line":42,"column":2},"end":{"line":42,"column":96}},"type":"if","locations":[{"start":{"line":42,"column":2},"end":{"line":42,"column":96}},{"start":{},"end":{}}]},"3":{"loc":{"start":{"line":42,"column":6},"end":{"line":42,"column":62}},"type":"binary-expr","locations":[{"start":{"line":42,"column":6},"end":{"line":42,"column":33}},{"start":{"line":42,"column":37},"end":{"line":42,"column":62}}]},"4":{"loc":{"start":{"line":72,"column":22},"end":{"line":72,"column":40}},"type":"binary-expr","locations":[{"start":{"line":72,"column":22},"end":{"line":72,"column":26}},{"start":{"line":72,"column":30},"end":{"line":72,"column":40}}]},"5":{"loc":{"start":{"line":73,"column":4},"end":{"line":73,"column":39}},"type":"if","locations":[{"start":{"line":73,"column":4},"end":{"line":73,"column":39}},{"start":{},"end":{}}]},"6":{"loc":{"start":{"line":73,"column":8},"end":{"line":73,"column":30}},"type":"binary-expr","locations":[{"start":{"line":73,"column":8},"end":{"line":73,"column":17}},{"start":{"line":73,"column":21},"end":{"line":73,"column":30}}]},"7":{"loc":{"start":{"line":76,"column":4},"end":{"line":76,"column":27}},"type":"if","locations":[{"start":{"line":76,"column":4},"end":{"line":76,"column":27}},{"start":{},"end":{}}]},"8":{"loc":{"start":{"line":89,"column":4},"end":{"line":94,"column":5}},"type":"if","locations":[{"start":{"line":89,"column":4},"end":{"line":94,"column":5}},{"start":{},"end":{}}]},"9":{"loc":{"start":{"line":97,"column":6},"end":{"line":100,"column":22}},"type":"binary-expr","locations":[{"start":{"line":97,"column":6},"end":{"line":97,"column":40}},{"start":{"line":98,"column":7},"end":{"line":100,"column":21}}]},"10":{"loc":{"start":{"line":98,"column":7},"end":{"line":100,"column":21}},"type":"cond-expr","locations":[{"start":{"line":99,"column":10},"end":{"line":99,"column":68}},{"start":{"line":100,"column":10},"end":{"line":100,"column":21}}]},"11":{"loc":{"start":{"line":110,"column":6},"end":{"line":112,"column":7}},"type":"if","locations":[{"start":{"line":110,"column":6},"end":{"line":112,"column":7}},{"start":{},"end":{}}]},"12":{"loc":{"start":{"line":110,"column":10},"end":{"line":110,"column":40}},"type":"binary-expr","locations":[{"start":{"line":110,"column":10},"end":{"line":110,"column":22}},{"start":{"line":110,"column":26},"end":{"line":110,"column":40}}]},"13":{"loc":{"start":{"line":114,"column":26},"end":{"line":114,"column":68}},"type":"binary-expr","locations":[{"start":{"line":114,"column":26},"end":{"line":114,"column":62}},{"start":{"line":114,"column":66},"end":{"line":114,"column":68}}]},"14":{"loc":{"start":{"line":116,"column":6},"end":{"line":173,"column":7}},"type":"if","locations":[{"start":{"line":116,"column":6},"end":{"line":173,"column":7}},{"start":{"line":162,"column":13},"end":{"line":173,"column":7}}]},"15":{"loc":{"start":{"line":135,"column":10},"end":{"line":135,"column":26}},"type":"if","locations":[{"start":{"line":135,"column":10},"end":{"line":135,"column":26}},{"start":{},"end":{}}]},"16":{"loc":{"start":{"line":139,"column":12},"end":{"line":139,"column":52}},"type":"if","locations":[{"start":{"line":139,"column":12},"end":{"line":139,"column":52}},{"start":{},"end":{}}]},"17":{"loc":{"start":{"line":141,"column":12},"end":{"line":141,"column":35}},"type":"if","locations":[{"start":{"line":141,"column":12},"end":{"line":141,"column":35}},{"start":{},"end":{}}]},"18":{"loc":{"start":{"line":149,"column":14},"end":{"line":149,"column":62}},"type":"if","locations":[{"start":{"line":149,"column":14},"end":{"line":149,"column":62}},{"start":{},"end":{}}]},"19":{"loc":{"start":{"line":150,"column":14},"end":{"line":153,"column":15}},"type":"if","locations":[{"start":{"line":150,"column":14},"end":{"line":153,"column":15}},{"start":{},"end":{}}]},"20":{"loc":{"start":{"line":154,"column":14},"end":{"line":156,"column":15}},"type":"if","locations":[{"start":{"line":154,"column":14},"end":{"line":156,"column":15}},{"start":{},"end":{}}]},"21":{"loc":{"start":{"line":155,"column":26},"end":{"line":155,"column":46}},"type":"binary-expr","locations":[{"start":{"line":155,"column":26},"end":{"line":155,"column":40}},{"start":{"line":155,"column":44},"end":{"line":155,"column":46}}]},"22":{"loc":{"start":{"line":170,"column":19},"end":{"line":170,"column":37}},"type":"binary-expr","locations":[{"start":{"line":170,"column":19},"end":{"line":170,"column":31}},{"start":{"line":170,"column":35},"end":{"line":170,"column":37}}]},"23":{"loc":{"start":{"line":176,"column":6},"end":{"line":181,"column":7}},"type":"if","locations":[{"start":{"line":176,"column":6},"end":{"line":181,"column":7}},{"start":{},"end":{}}]},"24":{"loc":{"start":{"line":179,"column":17},"end":{"line":179,"column":67}},"type":"cond-expr","locations":[{"start":{"line":179,"column":42},"end":{"line":179,"column":55}},{"start":{"line":179,"column":58},"end":{"line":179,"column":67}}]},"25":{"loc":{"start":{"line":199,"column":4},"end":{"line":199,"column":39}},"type":"if","locations":[{"start":{"line":199,"column":4},"end":{"line":199,"column":39}},{"start":{},"end":{}}]},"26":{"loc":{"start":{"line":201,"column":4},"end":{"line":207,"column":5}},"type":"if","locations":[{"start":{"line":201,"column":4},"end":{"line":207,"column":5}},{"start":{},"end":{}}]},"27":{"loc":{"start":{"line":212,"column":4},"end":{"line":215,"column":5}},"type":"if","locations":[{"start":{"line":212,"column":4},"end":{"line":215,"column":5}},{"start":{},"end":{}}]},"28":{"loc":{"start":{"line":212,"column":8},"end":{"line":212,"column":40}},"type":"binary-expr","locations":[{"start":{"line":212,"column":8},"end":{"line":212,"column":25}},{"start":{"line":212,"column":29},"end":{"line":212,"column":40}}]},"29":{"loc":{"start":{"line":271,"column":11},"end":{"line":278,"column":null}},"type":"binary-expr","locations":[{"start":{"line":271,"column":11},"end":{"line":271,"column":32}},{"start":{"line":272,"column":12},"end":{"line":277,"column":null}}]},"30":{"loc":{"start":{"line":285,"column":11},"end":{"line":296,"column":null}},"type":"binary-expr","locations":[{"start":{"line":285,"column":11},"end":{"line":285,"column":20}},{"start":{"line":286,"column":12},"end":{"line":295,"column":null}}]},"31":{"loc":{"start":{"line":338,"column":24},"end":{"line":338,"column":55}},"type":"binary-expr","locations":[{"start":{"line":338,"column":24},"end":{"line":338,"column":42}},{"start":{"line":338,"column":46},"end":{"line":338,"column":55}}]},"32":{"loc":{"start":{"line":364,"column":37},"end":{"line":364,"column":79}},"type":"cond-expr","locations":[{"start":{"line":364,"column":44},"end":{"line":364,"column":59}},{"start":{"line":364,"column":62},"end":{"line":364,"column":79}}]},"33":{"loc":{"start":{"line":366,"column":21},"end":{"line":366,"column":48}},"type":"cond-expr","locations":[{"start":{"line":366,"column":28},"end":{"line":366,"column":40}},{"start":{"line":366,"column":43},"end":{"line":366,"column":48}}]},"34":{"loc":{"start":{"line":369,"column":9},"end":{"line":369,"column":58}},"type":"cond-expr","locations":[{"start":{"line":369,"column":16},"end":{"line":369,"column":33}},{"start":{"line":369,"column":36},"end":{"line":369,"column":58}}]},"35":{"loc":{"start":{"line":378,"column":9},"end":{"line":393,"column":null}},"type":"binary-expr","locations":[{"start":{"line":378,"column":9},"end":{"line":378,"column":13}},{"start":{"line":378,"column":17},"end":{"line":378,"column":32}},{"start":{"line":378,"column":36},"end":{"line":378,"column":62}},{"start":{"line":379,"column":10},"end":{"line":392,"column":null}}]},"36":{"loc":{"start":{"line":408,"column":96},"end":{"line":408,"column":46505}},"type":"binary-expr","locations":[{"start":{"line":408,"column":96},"end":{"line":408,"column":133}},{"start":{"line":408,"column":137},"end":{"line":408,"column":46505}}]}},"s":{"0":1,"1":1,"2":1,"3":1,"4":1,"5":1,"6":1,"7":1,"8":1,"9":1,"10":1,"11":0,"12":0,"13":0,"14":0,"15":0,"16":0,"17":7,"18":1,"19":6,"20":6,"21":6,"22":6,"23":6,"24":6,"25":6,"26":6,"27":5,"28":6,"29":1,"30":1,"31":0,"32":1,"33":1,"34":0,"35":1,"36":1,"37":1,"38":1,"39":1,"40":0,"41":1,"42":1,"43":1,"44":1,"45":0,"46":1,"47":1,"48":1,"49":1,"50":1,"51":1,"52":1,"53":1,"54":1,"55":1,"56":2,"57":2,"58":1,"59":1,"60":1,"61":1,"62":5,"63":3,"64":2,"65":2,"66":0,"67":2,"68":2,"69":2,"70":0,"71":2,"72":1,"73":1,"74":2,"75":1,"76":1,"77":0,"78":0,"79":0,"80":0,"81":0,"82":0,"83":0,"84":0,"85":0,"86":0,"87":0,"88":1,"89":6,"90":1,"91":0,"92":1,"93":1,"94":0,"95":0,"96":0,"97":0,"98":6,"99":0,"100":0,"101":0,"102":6,"103":0,"104":0,"105":6,"106":36,"107":0,"108":7,"109":1,"110":1,"111":1,"112":1,"113":7,"114":7,"115":7,"116":1,"117":1,"118":0,"119":0,"120":0,"121":1,"122":1,"123":1,"124":1,"125":1},"f":{"0":0,"1":7,"2":6,"3":5,"4":1,"5":0,"6":1,"7":0,"8":0,"9":0,"10":36,"11":0,"12":7,"13":1,"14":1,"15":7,"16":1,"17":0},"b":{"0":[0,0],"1":[0,0],"2":[0,0],"3":[0,0],"4":[1,1],"5":[0,1],"6":[1,1],"7":[0,1],"8":[0,1],"9":[1,1],"10":[1,0],"11":[0,1],"12":[1,1],"13":[1,0],"14":[1,0],"15":[1,1],"16":[3,2],"17":[0,2],"18":[0,2],"19":[1,1],"20":[1,1],"21":[1,0],"22":[0,0],"23":[0,0],"24":[0,0],"25":[0,1],"26":[0,1],"27":[0,0],"28":[0,0],"29":[6,2],"30":[6,3],"31":[6,1],"32":[3,4],"33":[3,4],"34":[3,4],"35":[7,3,2,1],"36":[0,0]}}
,"/home/the-mishra-ji/Desktop/hackathonpart2/src/pages/ExplorePage.tsx": {"path":"/home/the-mishra-ji/Desktop/hackathonpart2/src/pages/ExplorePage.tsx","statementMap":{"0":{"start":{"line":1,"column":0},"end":{"line":1,"column":26}},"1":{"start":{"line":2,"column":0},"end":{"line":2,"column":40}},"2":{"start":{"line":3,"column":0},"end":{"line":3,"column":79}},"3":{"start":{"line":4,"column":0},"end":{"line":4,"column":46}},"4":{"start":{"line":6,"column":19},"end":{"line":6,"column":216}},"5":{"start":{"line":8,"column":17},"end":{"line":11,"column":2}},"6":{"start":{"line":13,"column":30},"end":{"line":62,"column":null}},"7":{"start":{"line":14,"column":2},"end":{"line":61,"column":null}},"8":{"start":{"line":33,"column":10},"end":{"line":33,"column":26}},"9":{"start":{"line":39,"column":40},"end":{"line":39,"column":53}},"10":{"start":{"line":43,"column":40},"end":{"line":43,"column":53}},"11":{"start":{"line":65,"column":0},"end":{"line":65,"column":27}}},"fnMap":{"0":{"name":"(anonymous_1)","decl":{"start":{"line":13,"column":30},"end":{"line":13,"column":33}},"loc":{"start":{"line":14,"column":2},"end":{"line":61,"column":null}}},"1":{"name":"(anonymous_2)","decl":{"start":{"line":32,"column":22},"end":{"line":32,"column":23}},"loc":{"start":{"line":33,"column":10},"end":{"line":33,"column":26}}},"2":{"name":"(anonymous_3)","decl":{"start":{"line":39,"column":35},"end":{"line":39,"column":36}},"loc":{"start":{"line":39,"column":40},"end":{"line":39,"column":53}}},"3":{"name":"(anonymous_4)","decl":{"start":{"line":43,"column":35},"end":{"line":43,"column":36}},"loc":{"start":{"line":43,"column":40},"end":{"line":43,"column":53}}}},"branchMap":{},"s":{"0":0,"1":0,"2":0,"3":0,"4":0,"5":0,"6":0,"7":0,"8":0,"9":0,"10":0,"11":0},"f":{"0":0,"1":0,"2":0,"3":0},"b":{}}
,"/home/the-mishra-ji/Desktop/hackathonpart2/src/pages/HomePage.tsx": {"path":"/home/the-mishra-ji/Desktop/hackathonpart2/src/pages/HomePage.tsx","statementMap":{"0":{"start":{"line":1,"column":0},"end":{"line":1,"column":26}},"1":{"start":{"line":2,"column":0},"end":{"line":2,"column":40}},"2":{"start":{"line":3,"column":0},"end":{"line":3,"column":null}},"3":{"start":{"line":12,"column":0},"end":{"line":12,"column":60}},"4":{"start":{"line":13,"column":0},"end":{"line":13,"column":43}},"5":{"start":{"line":15,"column":27},"end":{"line":132,"column":1}},"6":{"start":{"line":16,"column":2},"end":{"line":131,"column":4}},"7":{"start":{"line":135,"column":46},"end":{"line":135,"column":64}},"8":{"start":{"line":137,"column":2},"end":{"line":168,"column":4}},"9":{"start":{"line":151,"column":14},"end":{"line":151,"column":37}},"10":{"start":{"line":171,"column":0},"end":{"line":171,"column":24}}},"fnMap":{"0":{"name":"(anonymous_1)","decl":{"start":{"line":15,"column":27},"end":{"line":15,"column":30}},"loc":{"start":{"line":15,"column":32},"end":{"line":132,"column":1}}},"1":{"name":"ElectionFactsSection","decl":{"start":{"line":134,"column":9},"end":{"line":134,"column":29}},"loc":{"start":{"line":134,"column":29},"end":{"line":169,"column":1}}},"2":{"name":"(anonymous_3)","decl":{"start":{"line":150,"column":23},"end":{"line":150,"column":24}},"loc":{"start":{"line":151,"column":14},"end":{"line":151,"column":37}}}},"branchMap":{"0":{"loc":{"start":{"line":145,"column":9},"end":{"line":145,"column":52}},"type":"binary-expr","locations":[{"start":{"line":145,"column":9},"end":{"line":145,"column":18}},{"start":{"line":145,"column":22},"end":{"line":145,"column":52}}]},"1":{"loc":{"start":{"line":146,"column":9},"end":{"line":146,"column":82}},"type":"binary-expr","locations":[{"start":{"line":146,"column":9},"end":{"line":146,"column":16}},{"start":{"line":146,"column":20},"end":{"line":146,"column":82}}]},"2":{"loc":{"start":{"line":148,"column":9},"end":{"line":165,"column":16}},"type":"cond-expr","locations":[{"start":{"line":149,"column":10},"end":{"line":163,"column":null}},{"start":{"line":165,"column":12},"end":{"line":165,"column":16}}]}},"s":{"0":1,"1":1,"2":1,"3":1,"4":1,"5":1,"6":1,"7":1,"8":1,"9":1,"10":1},"f":{"0":1,"1":1,"2":1},"b":{"0":[1,0],"1":[1,0],"2":[1,0]}}
,"/home/the-mishra-ji/Desktop/hackathonpart2/src/pages/NotFoundPage.tsx": {"path":"/home/the-mishra-ji/Desktop/hackathonpart2/src/pages/NotFoundPage.tsx","statementMap":{"0":{"start":{"line":1,"column":0},"end":{"line":1,"column":26}},"1":{"start":{"line":2,"column":0},"end":{"line":2,"column":40}},"2":{"start":{"line":3,"column":0},"end":{"line":3,"column":58}},"3":{"start":{"line":4,"column":0},"end":{"line":4,"column":47}},"4":{"start":{"line":6,"column":31},"end":{"line":18,"column":null}},"5":{"start":{"line":7,"column":2},"end":{"line":17,"column":null}},"6":{"start":{"line":21,"column":0},"end":{"line":21,"column":28}}},"fnMap":{"0":{"name":"(anonymous_1)","decl":{"start":{"line":6,"column":31},"end":{"line":6,"column":34}},"loc":{"start":{"line":7,"column":2},"end":{"line":17,"column":null}}}},"branchMap":{},"s":{"0":0,"1":0,"2":0,"3":0,"4":0,"5":0,"6":0},"f":{"0":0},"b":{}}
,"/home/the-mishra-ji/Desktop/hackathonpart2/src/pages/QuizCategoryPage.tsx": {"path":"/home/the-mishra-ji/Desktop/hackathonpart2/src/pages/QuizCategoryPage.tsx","statementMap":{"0":{"start":{"line":1,"column":0},"end":{"line":1,"column":40}},"1":{"start":{"line":2,"column":0},"end":{"line":2,"column":51}},"2":{"start":{"line":3,"column":0},"end":{"line":3,"column":47}},"3":{"start":{"line":4,"column":0},"end":{"line":4,"column":72}},"4":{"start":{"line":5,"column":0},"end":{"line":5,"column":39}},"5":{"start":{"line":7,"column":0},"end":{"line":7,"column":51}},"6":{"start":{"line":9,"column":38},"end":{"line":45,"column":2}},"7":{"start":{"line":48,"column":2},"end":{"line":48,"column":50}},"8":{"start":{"line":48,"column":29},"end":{"line":48,"column":48}},"9":{"start":{"line":51,"column":35},"end":{"line":200,"column":1}},"10":{"start":{"line":52,"column":23},"end":{"line":52,"column":56}},"11":{"start":{"line":53,"column":16},"end":{"line":53,"column":32}},"12":{"start":{"line":54,"column":149},"end":{"line":54,"column":163}},"13":{"start":{"line":56,"column":32},"end":{"line":56,"column":47}},"14":{"start":{"line":57,"column":38},"end":{"line":57,"column":49}},"15":{"start":{"line":58,"column":48},"end":{"line":58,"column":63}},"16":{"start":{"line":60,"column":28},"end":{"line":60,"column":78}},"17":{"start":{"line":60,"column":54},"end":{"line":60,"column":77}},"18":{"start":{"line":61,"column":18},"end":{"line":61,"column":50}},"19":{"start":{"line":63,"column":22},"end":{"line":70,"column":3}},"20":{"start":{"line":64,"column":22},"end":{"line":64,"column":61}},"21":{"start":{"line":65,"column":4},"end":{"line":65,"column":16}},"22":{"start":{"line":66,"column":4},"end":{"line":66,"column":28}},"23":{"start":{"line":67,"column":4},"end":{"line":67,"column":21}},"24":{"start":{"line":68,"column":4},"end":{"line":68,"column":21}},"25":{"start":{"line":69,"column":4},"end":{"line":69,"column":30}},"26":{"start":{"line":72,"column":19},"end":{"line":72,"column":57}},"27":{"start":{"line":73,"column":21},"end":{"line":73,"column":44}},"28":{"start":{"line":74,"column":20},"end":{"line":74,"column":76}},"29":{"start":{"line":76,"column":23},"end":{"line":81,"column":3}},"30":{"start":{"line":77,"column":4},"end":{"line":77,"column":27}},"31":{"start":{"line":77,"column":20},"end":{"line":77,"column":27}},"32":{"start":{"line":78,"column":4},"end":{"line":78,"column":22}},"33":{"start":{"line":79,"column":4},"end":{"line":79,"column":66}},"34":{"start":{"line":79,"column":40},"end":{"line":79,"column":66}},"35":{"start":{"line":79,"column":59},"end":{"line":79,"column":64}},"36":{"start":{"line":80,"column":4},"end":{"line":80,"column":29}},"37":{"start":{"line":83,"column":21},"end":{"line":90,"column":3}},"38":{"start":{"line":84,"column":4},"end":{"line":84,"column":30}},"39":{"start":{"line":85,"column":4},"end":{"line":89,"column":5}},"40":{"start":{"line":86,"column":6},"end":{"line":86,"column":157}},"41":{"start":{"line":88,"column":6},"end":{"line":88,"column":21}},"42":{"start":{"line":92,"column":2},"end":{"line":114,"column":3}},"43":{"start":{"line":93,"column":4},"end":{"line":113,"column":6}},"44":{"start":{"line":116,"column":2},"end":{"line":143,"column":3}},"45":{"start":{"line":117,"column":16},"end":{"line":117,"column":72}},"46":{"start":{"line":118,"column":4},"end":{"line":142,"column":6}},"47":{"start":{"line":135,"column":65},"end":{"line":135,"column":205}},"48":{"start":{"line":145,"column":19},"end":{"line":145,"column":75}},"49":{"start":{"line":147,"column":2},"end":{"line":199,"column":4}},"50":{"start":{"line":166,"column":26},"end":{"line":166,"column":39}},"51":{"start":{"line":167,"column":16},"end":{"line":170,"column":17}},"52":{"start":{"line":168,"column":18},"end":{"line":169,"column":83}},"53":{"start":{"line":168,"column":54},"end":{"line":168,"column":88}},"54":{"start":{"line":169,"column":23},"end":{"line":169,"column":83}},"55":{"start":{"line":169,"column":51},"end":{"line":169,"column":83}},"56":{"start":{"line":171,"column":16},"end":{"line":178,"column":18}},"57":{"start":{"line":172,"column":67},"end":{"line":172,"column":84}},"58":{"start":{"line":202,"column":0},"end":{"line":202,"column":32}}},"fnMap":{"0":{"name":"shuffle","decl":{"start":{"line":47,"column":9},"end":{"line":47,"column":16}},"loc":{"start":{"line":47,"column":28},"end":{"line":49,"column":1}}},"1":{"name":"(anonymous_11)","decl":{"start":{"line":48,"column":23},"end":{"line":48,"column":26}},"loc":{"start":{"line":48,"column":29},"end":{"line":48,"column":48}}},"2":{"name":"(anonymous_12)","decl":{"start":{"line":51,"column":35},"end":{"line":51,"column":38}},"loc":{"start":{"line":51,"column":40},"end":{"line":200,"column":1}}},"3":{"name":"(anonymous_13)","decl":{"start":{"line":60,"column":49},"end":{"line":60,"column":50}},"loc":{"start":{"line":60,"column":54},"end":{"line":60,"column":77}}},"4":{"name":"(anonymous_14)","decl":{"start":{"line":63,"column":22},"end":{"line":63,"column":25}},"loc":{"start":{"line":63,"column":27},"end":{"line":70,"column":3}}},"5":{"name":"(anonymous_15)","decl":{"start":{"line":76,"column":23},"end":{"line":76,"column":24}},"loc":{"start":{"line":76,"column":39},"end":{"line":81,"column":3}}},"6":{"name":"(anonymous_16)","decl":{"start":{"line":79,"column":54},"end":{"line":79,"column":55}},"loc":{"start":{"line":79,"column":59},"end":{"line":79,"column":64}}},"7":{"name":"(anonymous_17)","decl":{"start":{"line":83,"column":21},"end":{"line":83,"column":24}},"loc":{"start":{"line":83,"column":26},"end":{"line":90,"column":3}}},"8":{"name":"(anonymous_18)","decl":{"start":{"line":135,"column":57},"end":{"line":135,"column":60}},"loc":{"start":{"line":135,"column":62},"end":{"line":135,"column":207}}},"9":{"name":"(anonymous_19)","decl":{"start":{"line":165,"column":36},"end":{"line":165,"column":37}},"loc":{"start":{"line":165,"column":49},"end":{"line":179,"column":15}}},"10":{"name":"(anonymous_20)","decl":{"start":{"line":172,"column":61},"end":{"line":172,"column":64}},"loc":{"start":{"line":172,"column":67},"end":{"line":172,"column":84}}}},"branchMap":{"0":{"loc":{"start":{"line":74,"column":20},"end":{"line":74,"column":76}},"type":"binary-expr","locations":[{"start":{"line":74,"column":20},"end":{"line":74,"column":30}},{"start":{"line":74,"column":34},"end":{"line":74,"column":76}}]},"1":{"loc":{"start":{"line":77,"column":4},"end":{"line":77,"column":27}},"type":"if","locations":[{"start":{"line":77,"column":4},"end":{"line":77,"column":27}},{"start":{},"end":{}}]},"2":{"loc":{"start":{"line":79,"column":4},"end":{"line":79,"column":66}},"type":"if","locations":[{"start":{"line":79,"column":4},"end":{"line":79,"column":66}},{"start":{},"end":{}}]},"3":{"loc":{"start":{"line":85,"column":4},"end":{"line":89,"column":5}},"type":"if","locations":[{"start":{"line":85,"column":4},"end":{"line":89,"column":5}},{"start":{"line":87,"column":11},"end":{"line":89,"column":5}}]},"4":{"loc":{"start":{"line":92,"column":2},"end":{"line":114,"column":3}},"type":"if","locations":[{"start":{"line":92,"column":2},"end":{"line":114,"column":3}},{"start":{},"end":{}}]},"5":{"loc":{"start":{"line":116,"column":2},"end":{"line":143,"column":3}},"type":"if","locations":[{"start":{"line":116,"column":2},"end":{"line":143,"column":3}},{"start":{},"end":{}}]},"6":{"loc":{"start":{"line":127,"column":49},"end":{"line":127,"column":90}},"type":"cond-expr","locations":[{"start":{"line":127,"column":61},"end":{"line":127,"column":65}},{"start":{"line":127,"column":68},"end":{"line":127,"column":90}}]},"7":{"loc":{"start":{"line":127,"column":68},"end":{"line":127,"column":90}},"type":"cond-expr","locations":[{"start":{"line":127,"column":80},"end":{"line":127,"column":83}},{"start":{"line":127,"column":86},"end":{"line":127,"column":90}}]},"8":{"loc":{"start":{"line":131,"column":16},"end":{"line":131,"column":144}},"type":"cond-expr","locations":[{"start":{"line":131,"column":28},"end":{"line":131,"column":62}},{"start":{"line":131,"column":65},"end":{"line":131,"column":144}}]},"9":{"loc":{"start":{"line":131,"column":65},"end":{"line":131,"column":144}},"type":"cond-expr","locations":[{"start":{"line":131,"column":77},"end":{"line":131,"column":103}},{"start":{"line":131,"column":106},"end":{"line":131,"column":144}}]},"10":{"loc":{"start":{"line":161,"column":9},"end":{"line":195,"column":null}},"type":"binary-expr","locations":[{"start":{"line":161,"column":9},"end":{"line":161,"column":17}},{"start":{"line":162,"column":10},"end":{"line":194,"column":null}}]},"11":{"loc":{"start":{"line":167,"column":16},"end":{"line":170,"column":17}},"type":"if","locations":[{"start":{"line":167,"column":16},"end":{"line":170,"column":17}},{"start":{},"end":{}}]},"12":{"loc":{"start":{"line":168,"column":18},"end":{"line":169,"column":83}},"type":"if","locations":[{"start":{"line":168,"column":18},"end":{"line":169,"column":83}},{"start":{"line":169,"column":23},"end":{"line":169,"column":83}}]},"13":{"loc":{"start":{"line":169,"column":23},"end":{"line":169,"column":83}},"type":"if","locations":[{"start":{"line":169,"column":23},"end":{"line":169,"column":83}},{"start":{},"end":{}}]},"14":{"loc":{"start":{"line":175,"column":21},"end":{"line":175,"column":113}},"type":"binary-expr","locations":[{"start":{"line":175,"column":21},"end":{"line":175,"column":31}},{"start":{"line":175,"column":35},"end":{"line":175,"column":65}},{"start":{"line":175,"column":69},"end":{"line":175,"column":113}}]},"15":{"loc":{"start":{"line":176,"column":21},"end":{"line":176,"column":135}},"type":"binary-expr","locations":[{"start":{"line":176,"column":21},"end":{"line":176,"column":31}},{"start":{"line":176,"column":35},"end":{"line":176,"column":57}},{"start":{"line":176,"column":61},"end":{"line":176,"column":91}},{"start":{"line":176,"column":95},"end":{"line":176,"column":135}}]},"16":{"loc":{"start":{"line":182,"column":13},"end":{"line":186,"column":null}},"type":"binary-expr","locations":[{"start":{"line":182,"column":13},"end":{"line":182,"column":28}},{"start":{"line":183,"column":14},"end":{"line":185,"column":null}}]},"17":{"loc":{"start":{"line":183,"column":55},"end":{"line":183,"column":118}},"type":"cond-expr","locations":[{"start":{"line":183,"column":67},"end":{"line":183,"column":92}},{"start":{"line":183,"column":95},"end":{"line":183,"column":118}}]},"18":{"loc":{"start":{"line":184,"column":25},"end":{"line":184,"column":65}},"type":"cond-expr","locations":[{"start":{"line":184,"column":37},"end":{"line":184,"column":49}},{"start":{"line":184,"column":52},"end":{"line":184,"column":65}}]},"19":{"loc":{"start":{"line":189,"column":13},"end":{"line":193,"column":null}},"type":"binary-expr","locations":[{"start":{"line":189,"column":13},"end":{"line":189,"column":23}},{"start":{"line":190,"column":14},"end":{"line":192,"column":null}}]},"20":{"loc":{"start":{"line":191,"column":17},"end":{"line":191,"column":110}},"type":"cond-expr","locations":[{"start":{"line":191,"column":71},"end":{"line":191,"column":85}},{"start":{"line":191,"column":88},"end":{"line":191,"column":110}}]}},"s":{"0":0,"1":0,"2":0,"3":0,"4":0,"5":0,"6":0,"7":0,"8":0,"9":0,"10":0,"11":0,"12":0,"13":0,"14":0,"15":0,"16":0,"17":0,"18":0,"19":0,"20":0,"21":0,"22":0,"23":0,"24":0,"25":0,"26":0,"27":0,"28":0,"29":0,"30":0,"31":0,"32":0,"33":0,"34":0,"35":0,"36":0,"37":0,"38":0,"39":0,"40":0,"41":0,"42":0,"43":0,"44":0,"45":0,"46":0,"47":0,"48":0,"49":0,"50":0,"51":0,"52":0,"53":0,"54":0,"55":0,"56":0,"57":0,"58":0},"f":{"0":0,"1":0,"2":0,"3":0,"4":0,"5":0,"6":0,"7":0,"8":0,"9":0,"10":0},"b":{"0":[0,0],"1":[0,0],"2":[0,0],"3":[0,0],"4":[0,0],"5":[0,0],"6":[0,0],"7":[0,0],"8":[0,0],"9":[0,0],"10":[0,0],"11":[0,0],"12":[0,0],"13":[0,0],"14":[0,0,0],"15":[0,0,0,0],"16":[0,0],"17":[0,0],"18":[0,0],"19":[0,0],"20":[0,0]}}
,"/home/the-mishra-ji/Desktop/hackathonpart2/src/pages/QuizPage.tsx": {"path":"/home/the-mishra-ji/Desktop/hackathonpart2/src/pages/QuizPage.tsx","statementMap":{"0":{"start":{"line":1,"column":0},"end":{"line":1,"column":26}},"1":{"start":{"line":2,"column":0},"end":{"line":2,"column":40}},"2":{"start":{"line":3,"column":0},"end":{"line":3,"column":47}},"3":{"start":{"line":4,"column":0},"end":{"line":4,"column":58}},"4":{"start":{"line":5,"column":0},"end":{"line":5,"column":39}},"5":{"start":{"line":7,"column":0},"end":{"line":7,"column":43}},"6":{"start":{"line":9,"column":104},"end":{"line":15,"column":2}},"7":{"start":{"line":17,"column":27},"end":{"line":77,"column":1}},"8":{"start":{"line":18,"column":16},"end":{"line":18,"column":32}},"9":{"start":{"line":19,"column":30},"end":{"line":19,"column":44}},"10":{"start":{"line":21,"column":2},"end":{"line":76,"column":4}},"11":{"start":{"line":36,"column":16},"end":{"line":36,"column":32}},"12":{"start":{"line":47,"column":27},"end":{"line":47,"column":67}},"13":{"start":{"line":47,"column":45},"end":{"line":47,"column":66}},"14":{"start":{"line":48,"column":12},"end":{"line":71,"column":14}},"15":{"start":{"line":79,"column":0},"end":{"line":79,"column":24}}},"fnMap":{"0":{"name":"(anonymous_1)","decl":{"start":{"line":17,"column":27},"end":{"line":17,"column":30}},"loc":{"start":{"line":17,"column":32},"end":{"line":77,"column":1}}},"1":{"name":"(anonymous_2)","decl":{"start":{"line":35,"column":26},"end":{"line":35,"column":27}},"loc":{"start":{"line":36,"column":16},"end":{"line":36,"column":32}}},"2":{"name":"(anonymous_3)","decl":{"start":{"line":46,"column":26},"end":{"line":46,"column":29}},"loc":{"start":{"line":46,"column":32},"end":{"line":72,"column":11}}},"3":{"name":"(anonymous_4)","decl":{"start":{"line":47,"column":40},"end":{"line":47,"column":41}},"loc":{"start":{"line":47,"column":45},"end":{"line":47,"column":66}}}},"branchMap":{"0":{"loc":{"start":{"line":31,"column":9},"end":{"line":42,"column":null}},"type":"binary-expr","locations":[{"start":{"line":31,"column":9},"end":{"line":31,"column":26}},{"start":{"line":32,"column":10},"end":{"line":41,"column":null}}]},"1":{"loc":{"start":{"line":62,"column":19},"end":{"line":66,"column":null}},"type":"binary-expr","locations":[{"start":{"line":62,"column":19},"end":{"line":62,"column":25}},{"start":{"line":63,"column":20},"end":{"line":65,"column":null}}]}},"s":{"0":0,"1":0,"2":0,"3":0,"4":0,"5":0,"6":0,"7":0,"8":0,"9":0,"10":0,"11":0,"12":0,"13":0,"14":0,"15":0},"f":{"0":0,"1":0,"2":0,"3":0},"b":{"0":[0,0],"1":[0,0]}}
,"/home/the-mishra-ji/Desktop/hackathonpart2/src/pages/RegisterPage.tsx": {"path":"/home/the-mishra-ji/Desktop/hackathonpart2/src/pages/RegisterPage.tsx","statementMap":{"0":{"start":{"line":1,"column":0},"end":{"line":1,"column":40}},"1":{"start":{"line":2,"column":0},"end":{"line":2,"column":47}},"2":{"start":{"line":3,"column":0},"end":{"line":3,"column":88}},"3":{"start":{"line":4,"column":0},"end":{"line":4,"column":47}},"4":{"start":{"line":6,"column":18},"end":{"line":15,"column":2}},"5":{"start":{"line":26,"column":46},"end":{"line":48,"column":2}},"6":{"start":{"line":50,"column":33},"end":{"line":56,"column":2}},"7":{"start":{"line":61,"column":31},"end":{"line":229,"column":1}},"8":{"start":{"line":62,"column":16},"end":{"line":62,"column":32}},"9":{"start":{"line":63,"column":44},"end":{"line":63,"column":56}},"10":{"start":{"line":65,"column":15},"end":{"line":65,"column":82}},"11":{"start":{"line":67,"column":2},"end":{"line":228,"column":4}},"12":{"start":{"line":91,"column":31},"end":{"line":91,"column":63}},"13":{"start":{"line":96,"column":16},"end":{"line":96,"column":36}},"14":{"start":{"line":216,"column":14},"end":{"line":216,"column":34}},"15":{"start":{"line":231,"column":0},"end":{"line":231,"column":28}}},"fnMap":{"0":{"name":"(anonymous_10)","decl":{"start":{"line":61,"column":31},"end":{"line":61,"column":34}},"loc":{"start":{"line":61,"column":36},"end":{"line":229,"column":1}}},"1":{"name":"(anonymous_11)","decl":{"start":{"line":91,"column":24},"end":{"line":91,"column":25}},"loc":{"start":{"line":91,"column":31},"end":{"line":91,"column":63}}},"2":{"name":"(anonymous_12)","decl":{"start":{"line":95,"column":29},"end":{"line":95,"column":30}},"loc":{"start":{"line":96,"column":16},"end":{"line":96,"column":36}}},"3":{"name":"(anonymous_13)","decl":{"start":{"line":215,"column":18},"end":{"line":215,"column":19}},"loc":{"start":{"line":216,"column":14},"end":{"line":216,"column":34}}}},"branchMap":{"0":{"loc":{"start":{"line":65,"column":15},"end":{"line":65,"column":82}},"type":"binary-expr","locations":[{"start":{"line":65,"column":15},"end":{"line":65,"column":40}},{"start":{"line":65,"column":45},"end":{"line":65,"column":81}}]},"1":{"loc":{"start":{"line":65,"column":45},"end":{"line":65,"column":81}},"type":"cond-expr","locations":[{"start":{"line":65,"column":61},"end":{"line":65,"column":74}},{"start":{"line":65,"column":77},"end":{"line":65,"column":81}}]},"2":{"loc":{"start":{"line":101,"column":11},"end":{"line":105,"column":null}},"type":"binary-expr","locations":[{"start":{"line":101,"column":11},"end":{"line":101,"column":25}},{"start":{"line":102,"column":12},"end":{"line":103,"column":null}}]},"3":{"loc":{"start":{"line":110,"column":9},"end":{"line":156,"column":null}},"type":"binary-expr","locations":[{"start":{"line":110,"column":9},"end":{"line":110,"column":13}},{"start":{"line":111,"column":10},"end":{"line":155,"column":null}}]},"4":{"loc":{"start":{"line":127,"column":18},"end":{"line":127,"column":119}},"type":"cond-expr","locations":[{"start":{"line":127,"column":35},"end":{"line":127,"column":55}},{"start":{"line":127,"column":58},"end":{"line":127,"column":119}}]},"5":{"loc":{"start":{"line":136,"column":18},"end":{"line":136,"column":108}},"type":"cond-expr","locations":[{"start":{"line":136,"column":33},"end":{"line":136,"column":68}},{"start":{"line":136,"column":71},"end":{"line":136,"column":108}}]},"6":{"loc":{"start":{"line":160,"column":9},"end":{"line":202,"column":null}},"type":"binary-expr","locations":[{"start":{"line":160,"column":9},"end":{"line":160,"column":13}},{"start":{"line":161,"column":10},"end":{"line":201,"column":null}}]}},"s":{"0":0,"1":0,"2":0,"3":0,"4":0,"5":0,"6":0,"7":0,"8":0,"9":0,"10":0,"11":0,"12":0,"13":0,"14":0,"15":0},"f":{"0":0,"1":0,"2":0,"3":0},"b":{"0":[0,0],"1":[0,0],"2":[0,0],"3":[0,0],"4":[0,0],"5":[0,0],"6":[0,0]}}
[...]
37,"column":48},"end":{"line":137,"column":72}}},"4":{"name":"(anonymous_14)","decl":{"start":{"line":144,"column":33},"end":{"line":144,"column":34}},"loc":{"start":{"line":144,"column":38},"end":{"line":144,"column":62}}},"5":{"name":"(anonymous_15)","decl":{"start":{"line":156,"column":16},"end":{"line":156,"column":17}},"loc":{"start":{"line":157,"column":12},"end":{"line":157,"column":35}}},"6":{"name":"(anonymous_16)","decl":{"start":{"line":168,"column":22},"end":{"line":168,"column":23}},"loc":{"start":{"line":168,"column":39},"end":{"line":285,"column":11}}},"7":{"name":"(anonymous_17)","decl":{"start":{"line":198,"column":29},"end":{"line":198,"column":32}},"loc":{"start":{"line":198,"column":35},"end":{"line":198,"column":81}}},"8":{"name":"(anonymous_18)","decl":{"start":{"line":240,"column":49},"end":{"line":240,"column":50}},"loc":{"start":{"line":241,"column":30},"end":{"line":241,"column":47}}},"9":{"name":"(anonymous_19)","decl":{"start":{"line":252,"column":54},"end":{"line":252,"column":55}},"loc":{"start":{"line":253,"column":30},"end":{"line":253,"column":null}}},"10":{"name":"(anonymous_20)","decl":{"start":{"line":265,"column":35},"end":{"line":265,"column":38}},"loc":{"start":{"line":265,"column":41},"end":{"line":265,"column":59}}}},"branchMap":{"0":{"loc":{"start":{"line":108,"column":68},"end":{"line":108,"column":84}},"type":"binary-expr","locations":[{"start":{"line":108,"column":68},"end":{"line":108,"column":77}},{"start":{"line":108,"column":81},"end":{"line":108,"column":84}}]},"1":{"loc":{"start":{"line":112,"column":4},"end":{"line":116,"column":5}},"type":"if","locations":[{"start":{"line":112,"column":4},"end":{"line":116,"column":5}},{"start":{"line":114,"column":11},"end":{"line":116,"column":5}}]},"2":{"loc":{"start":{"line":173,"column":17},"end":{"line":177,"column":null}},"type":"binary-expr","locations":[{"start":{"line":173,"column":17},"end":{"line":173,"column":42}},{"start":{"line":174,"column":18},"end":{"line":176,"column":null}}]},"3":{"loc":{"start":{"line":175,"column":54},"end":{"line":175,"column":110}},"type":"cond-expr","locations":[{"start":{"line":175,"column":85},"end":{"line":175,"column":105}},{"start":{"line":175,"column":108},"end":{"line":175,"column":110}}]},"4":{"loc":{"start":{"line":185,"column":19},"end":{"line":190,"column":null}},"type":"cond-expr","locations":[{"start":{"line":186,"column":20},"end":{"line":186,"column":45}},{"start":{"line":187,"column":22},"end":{"line":190,"column":null}}]},"5":{"loc":{"start":{"line":187,"column":22},"end":{"line":190,"column":null}},"type":"cond-expr","locations":[{"start":{"line":188,"column":20},"end":{"line":188,"column":38}},{"start":{"line":190,"column":20},"end":{"line":190,"column":39}}]},"6":{"loc":{"start":{"line":195,"column":60},"end":{"line":195,"column":115}},"type":"cond-expr","locations":[{"start":{"line":195,"column":88},"end":{"line":195,"column":110}},{"start":{"line":195,"column":113},"end":{"line":195,"column":115}}]},"7":{"loc":{"start":{"line":198,"column":52},"end":{"line":198,"column":80}},"type":"cond-expr","locations":[{"start":{"line":198,"column":65},"end":{"line":198,"column":69}},{"start":{"line":198,"column":72},"end":{"line":198,"column":80}}]},"8":{"loc":{"start":{"line":208,"column":28},"end":{"line":209,"column":null}},"type":"cond-expr","locations":[{"start":{"line":208,"column":59},"end":{"line":208,"column":74}},{"start":{"line":209,"column":28},"end":{"line":209,"column":null}}]},"9":{"loc":{"start":{"line":209,"column":28},"end":{"line":209,"column":null}},"type":"cond-expr","locations":[{"start":{"line":209,"column":56},"end":{"line":209,"column":71}},{"start":{"line":209,"column":74},"end":{"line":209,"column":null}}]},"10":{"loc":{"start":{"line":211,"column":29},"end":{"line":212,"column":108}},"type":"cond-expr","locations":[{"start":{"line":211,"column":60},"end":{"line":211,"column":83}},{"start":{"line":212,"column":29},"end":{"line":212,"column":108}}]},"11":{"loc":{"start":{"line":212,"column":29},"end":{"line":212,"column":108}},"type":"cond-expr","locations":[{"start":{"line":212,"column":57},"end":{"line":212,"column":83}},{"start":{"line":212,"column":86},"end":{"line":212,"column":108}}]},"12":{"loc":{"start":{"line":220,"column":23},"end":{"line":220,"column":87}},"type":"cond-expr","locations":[{"start":{"line":220,"column":36},"end":{"line":220,"column":59}},{"start":{"line":220,"column":62},"end":{"line":220,"column":87}}]},"13":{"loc":{"start":{"line":224,"column":19},"end":{"line":280,"column":null}},"type":"binary-expr","locations":[{"start":{"line":224,"column":19},"end":{"line":224,"column":29}},{"start":{"line":225,"column":20},"end":{"line":279,"column":null}}]}},"s":{"0":0,"1":0,"2":0,"3":0,"4":0,"5":0,"6":0,"7":0,"8":0,"9":0,"10":0,"11":0,"12":0,"13":0,"14":0,"15":0,"16":0,"17":0,"18":0,"19":0,"20":0,"21":0,"22":0,"23":0,"24":0,"25":0,"26":0},"f":{"0":0,"1":0,"2":0,"3":0,"4":0,"5":0,"6":0,"7":0,"8":0,"9":0,"10":0},"b":{"0":[0,0],"1":[0,0],"2":[0,0],"3":[0,0],"4":[0,0],"5":[0,0],"6":[0,0],"7":[0,0],"8":[0,0],"9":[0,0],"10":[0,0],"11":[0,0],"12":[0,0],"13":[0,0]}}
,"/home/the-mishra-ji/Desktop/hackathonpart2/src/services/electionFacts.ts": {"path":"/home/the-mishra-ji/Desktop/hackathonpart2/src/services/electionFacts.ts","statementMap":{"0":{"start":{"line":8,"column":0},"end":{"line":8,"column":7}},"1":{"start":{"line":22,"column":0},"end":{"line":22,"column":16}},"2":{"start":{"line":1,"column":0},"end":{"line":1,"column":87}},"3":{"start":{"line":2,"column":0},"end":{"line":2,"column":49}},"4":{"start":{"line":4,"column":0},"end":{"line":4,"column":41}},"5":{"start":{"line":6,"column":25},"end":{"line":6,"column":41}},"6":{"start":{"line":9,"column":21},"end":{"line":12,"column":null}},"7":{"start":{"line":15,"column":19},"end":{"line":15,"column":44}},"8":{"start":{"line":16,"column":2},"end":{"line":19,"column":6}},"9":{"start":{"line":16,"column":37},"end":{"line":19,"column":4}},"10":{"start":{"line":23,"column":2},"end":{"line":26,"column":5}}},"fnMap":{"0":{"name":"fetchElectionFacts","decl":{"start":{"line":8,"column":22},"end":{"line":8,"column":40}},"loc":{"start":{"line":8,"column":40},"end":{"line":20,"column":1}}},"1":{"name":"(anonymous_1)","decl":{"start":{"line":16,"column":27},"end":{"line":16,"column":28}},"loc":{"start":{"line":16,"column":37},"end":{"line":19,"column":4}}},"2":{"name":"useElectionFacts","decl":{"start":{"line":22,"column":16},"end":{"line":22,"column":32}},"loc":{"start":{"line":22,"column":32},"end":{"line":27,"column":1}}}},"branchMap":{},"s":{"0":0,"1":0,"2":0,"3":0,"4":0,"5":0,"6":0,"7":0,"8":0,"9":0,"10":0},"f":{"0":0,"1":0,"2":0},"b":{}}
,"/home/the-mishra-ji/Desktop/hackathonpart2/src/services/firebase.ts": {"path":"/home/the-mishra-ji/Desktop/hackathonpart2/src/services/firebase.ts","statementMap":{"0":{"start":{"line":1,"column":0},"end":{"line":1,"column":72}},"1":{"start":{"line":2,"column":0},"end":{"line":2,"column":61}},"2":{"start":{"line":3,"column":0},"end":{"line":3,"column":76}},"3":{"start":{"line":4,"column":0},"end":{"line":4,"column":50}},"4":{"start":{"line":7,"column":23},"end":{"line":15,"column":2}},"5":{"start":{"line":19,"column":2},"end":{"line":19,"column":71}},"6":{"start":{"line":22,"column":13},"end":{"line":22,"column":33}},"7":{"start":{"line":25,"column":13},"end":{"line":25,"column":36}},"8":{"start":{"line":28,"column":13},"end":{"line":31,"column":11}},"9":{"start":{"line":34,"column":0},"end":{"line":41,"column":1}},"10":{"start":{"line":35,"column":2},"end":{"line":40,"column":3}},"11":{"start":{"line":36,"column":4},"end":{"line":36,"column":82}},"12":{"start":{"line":37,"column":4},"end":{"line":37,"column":52}},"13":{"start":{"line":43,"column":0},"end":{"line":43,"column":19}}},"fnMap":{},"branchMap":{"0":{"loc":{"start":{"line":19,"column":2},"end":{"line":19,"column":71}},"type":"cond-expr","locations":[{"start":{"line":19,"column":27},"end":{"line":19,"column":56}},{"start":{"line":19,"column":59},"end":{"line":19,"column":71}}]},"1":{"loc":{"start":{"line":29,"column":2},"end":{"line":31,"column":10}},"type":"cond-expr","locations":[{"start":{"line":30,"column":6},"end":{"line":30,"column":23}},{"start":{"line":31,"column":6},"end":{"line":31,"column":10}}]},"2":{"loc":{"start":{"line":29,"column":2},"end":{"line":29,"column":79}},"type":"binary-expr","locations":[{"start":{"line":29,"column":2},"end":{"line":29,"column":46}},{"start":{"line":29,"column":50},"end":{"line":29,"column":79}}]},"3":{"loc":{"start":{"line":34,"column":0},"end":{"line":41,"column":1}},"type":"if","locations":[{"start":{"line":34,"column":0},"end":{"line":41,"column":1}},{"start":{},"end":{}}]},"4":{"loc":{"start":{"line":34,"column":4},"end":{"line":34,"column":85}},"type":"binary-expr","locations":[{"start":{"line":34,"column":4},"end":{"line":34,"column":44}},{"start":{"line":34,"column":48},"end":{"line":34,"column":85}}]}},"s":{"0":0,"1":0,"2":0,"3":0,"4":0,"5":0,"6":0,"7":0,"8":0,"9":0,"10":0,"11":0,"12":0,"13":0},"f":{},"b":{"0":[0,0],"1":[0,0],"2":[0,0],"3":[0,0],"4":[0,0]}}
,"/home/the-mishra-ji/Desktop/hackathonpart2/src/store/index.ts": {"path":"/home/the-mishra-ji/Desktop/hackathonpart2/src/store/index.ts","statementMap":{"0":{"start":{"line":1,"column":0},"end":{"line":1,"column":33}},"1":{"start":{"line":2,"column":0},"end":{"line":2,"column":45}},"2":{"start":{"line":15,"column":13},"end":{"line":27,"column":2}},"3":{"start":{"line":17,"column":14},"end":{"line":24,"column":6}},"4":{"start":{"line":21,"column":27},"end":{"line":21,"column":41}},"5":{"start":{"line":22,"column":33},"end":{"line":22,"column":50}},"6":{"start":{"line":23,"column":33},"end":{"line":23,"column":50}},"7":{"start":{"line":37,"column":13},"end":{"line":42,"column":4}},"8":{"start":{"line":37,"column":58},"end":{"line":42,"column":2}},"9":{"start":{"line":40,"column":21},"end":{"line":40,"column":34}},"10":{"start":{"line":41,"column":29},"end":{"line":41,"column":47}},"11":{"start":{"line":59,"column":26},"end":{"line":59,"column":94}},"12":{"start":{"line":59,"column":32},"end":{"line":59,"column":94}},"13":{"start":{"line":61,"column":13},"end":{"line":87,"column":4}},"14":{"start":{"line":61,"column":58},"end":{"line":87,"column":2}},"15":{"start":{"line":67,"column":4},"end":{"line":67,"column":64}},"16":{"start":{"line":67,"column":20},"end":{"line":67,"column":62}},"17":{"start":{"line":69,"column":4},"end":{"line":81,"column":6}},"18":{"start":{"line":70,"column":23},"end":{"line":70,"column":42}},"19":{"start":{"line":71,"column":19},"end":{"line":71,"column":48}},"20":{"start":{"line":72,"column":6},"end":{"line":79,"column":7}},"21":{"start":{"line":73,"column":8},"end":{"line":78,"column":10}},"22":{"start":{"line":80,"column":6},"end":{"line":80,"column":26}},"23":{"start":{"line":82,"column":29},"end":{"line":82,"column":47}},"24":{"start":{"line":83,"column":20},"end":{"line":83,"column":63}},"25":{"start":{"line":83,"column":36},"end":{"line":83,"column":61}},"26":{"start":{"line":84,"column":18},"end":{"line":84,"column":39}},"27":{"start":{"line":85,"column":19},"end":{"line":85,"column":41}},"28":{"start":{"line":86,"column":23},"end":{"line":86,"column":76}},"29":{"start":{"line":110,"column":13},"end":{"line":143,"column":2}},"30":{"start":{"line":112,"column":14},"end":{"line":140,"column":6}},"31":{"start":{"line":121,"column":40},"end":{"line":121,"column":64}},"32":{"start":{"line":123,"column":8},"end":{"line":123,"column":110}},"33":{"start":{"line":124,"column":40},"end":{"line":124,"column":63}},"34":{"start":{"line":126,"column":8},"end":{"line":129,"column":11}},"35":{"start":{"line":126,"column":24},"end":{"line":129,"column":10}},"36":{"start":{"line":131,"column":8},"end":{"line":131,"column":84}},"37":{"start":{"line":131,"column":24},"end":{"line":131,"column":82}},"38":{"start":{"line":133,"column":8},"end":{"line":133,"column":114}},"39":{"start":{"line":135,"column":8},"end":{"line":139,"column":10}},"40":{"start":{"line":136,"column":29},"end":{"line":136,"column":72}},"41":{"start":{"line":136,"column":54},"end":{"line":136,"column":71}},"42":{"start":{"line":137,"column":10},"end":{"line":137,"column":39}},"43":{"start":{"line":137,"column":26},"end":{"line":137,"column":39}},"44":{"start":{"line":138,"column":10},"end":{"line":138,"column":83}},"45":{"start":{"line":141,"column":52},"end":{"line":141,"column":100}},"46":{"start":{"line":151,"column":13},"end":{"line":162,"column":2}},"47":{"start":{"line":153,"column":14},"end":{"line":159,"column":6}},"48":{"start":{"line":158,"column":37},"end":{"line":158,"column":87}}},"fnMap":{"0":{"name":"(anonymous_0)","decl":{"start":{"line":17,"column":4},"end":{"line":17,"column":5}},"loc":{"start":{"line":17,"column":14},"end":{"line":24,"column":6}}},"1":{"name":"(anonymous_1)","decl":{"start":{"line":21,"column":16},"end":{"line":21,"column":17}},"loc":{"start":{"line":21,"column":27},"end":{"line":21,"column":41}}},"2":{"name":"(anonymous_2)","decl":{"start":{"line":22,"column":19},"end":{"line":22,"column":20}},"loc":{"start":{"line":22,"column":33},"end":{"line":22,"column":50}}},"3":{"name":"(anonymous_3)","decl":{"start":{"line":23,"column":19},"end":{"line":23,"column":20}},"loc":{"start":{"line":23,"column":33},"end":{"line":23,"column":50}}},"4":{"name":"(anonymous_4)","decl":{"start":{"line":37,"column":48},"end":{"line":37,"column":49}},"loc":{"start":{"line":37,"column":58},"end":{"line":42,"column":2}}},"5":{"name":"(anonymous_5)","decl":{"start":{"line":40,"column":11},"end":{"line":40,"column":12}},"loc":{"start":{"line":40,"column":21},"end":{"line":40,"column":34}}},"6":{"name":"(anonymous_6)","decl":{"start":{"line":41,"column":14},"end":{"line":41,"column":15}},"loc":{"start":{"line":41,"column":29},"end":{"line":41,"column":47}}},"7":{"name":"(anonymous_7)","decl":{"start":{"line":59,"column":26},"end":{"line":59,"column":29}},"loc":{"start":{"line":59,"column":32},"end":{"line":59,"column":94}}},"8":{"name":"(anonymous_8)","decl":{"start":{"line":61,"column":48},"end":{"line":61,"column":49}},"loc":{"start":{"line":61,"column":58},"end":{"line":87,"column":2}}},"9":{"name":"(anonymous_9)","decl":{"start":{"line":66,"column":14},"end":{"line":66,"column":15}},"loc":{"start":{"line":67,"column":4},"end":{"line":67,"column":64}}},"10":{"name":"(anonymous_10)","decl":{"start":{"line":67,"column":8},"end":{"line":67,"column":9}},"loc":{"start":{"line":67,"column":20},"end":{"line":67,"column":62}}},"11":{"name":"(anonymous_11)","decl":{"start":{"line":68,"column":21},"end":{"line":68,"column":22}},"loc":{"start":{"line":69,"column":4},"end":{"line":81,"column":6}}},"12":{"name":"(anonymous_12)","decl":{"start":{"line":69,"column":8},"end":{"line":69,"column":9}},"loc":{"start":{"line":69,"column":18},"end":{"line":81,"column":5}}},"13":{"name":"(anonymous_13)","decl":{"start":{"line":82,"column":14},"end":{"line":82,"column":15}},"loc":{"start":{"line":82,"column":29},"end":{"line":82,"column":47}}},"14":{"name":"(anonymous_14)","decl":{"start":{"line":83,"column":14},"end":{"line":83,"column":17}},"loc":{"start":{"line":83,"column":20},"end":{"line":83,"column":63}}},"15":{"name":"(anonymous_15)","decl":{"start":{"line":83,"column":24},"end":{"line":83,"column":25}},"loc":{"start":{"line":83,"column":36},"end":{"line":83,"column":61}}},"16":{"name":"(anonymous_16)","decl":{"start":{"line":84,"column":12},"end":{"line":84,"column":15}},"loc":{"start":{"line":84,"column":18},"end":{"line":84,"column":39}}},"17":{"name":"(anonymous_17)","decl":{"start":{"line":85,"column":13},"end":{"line":85,"column":16}},"loc":{"start":{"line":85,"column":19},"end":{"line":85,"column":41}}},"18":{"name":"(anonymous_18)","decl":{"start":{"line":86,"column":17},"end":{"line":86,"column":20}},"loc":{"start":{"line":86,"column":23},"end":{"line":86,"column":76}}},"19":{"name":"(anonymous_19)","decl":{"start":{"line":112,"column":4},"end":{"line":112,"column":5}},"loc":{"start":{"line":112,"column":14},"end":{"line":140,"column":6}}},"20":{"name":"(anonymous_20)","decl":{"start":{"line":121,"column":19},"end":{"line":121,"column":20}},"loc":{"start":{"line":121,"column":40},"end":{"line":121,"column":64}}},"21":{"name":"(anonymous_21)","decl":{"start":{"line":122,"column":20},"end":{"line":122,"column":21}},"loc":{"start":{"line":123,"column":8},"end":{"line":123,"column":110}}},"22":{"name":"(anonymous_22)","decl":{"start":{"line":124,"column":20},"end":{"line":124,"column":21}},"loc":{"start":{"line":124,"column":40},"end":{"line":124,"column":63}}},"23":{"name":"(anonymous_23)","decl":{"start":{"line":125,"column":20},"end":{"line":125,"column":23}},"loc":{"start":{"line":126,"column":8},"end":{"line":129,"column":11}}},"24":{"name":"(anonymous_24)","decl":{"start":{"line":126,"column":12},"end":{"line":126,"column":13}},"loc":{"start":{"line":126,"column":24},"end":{"line":129,"column":10}}},"25":{"name":"(anonymous_25)","decl":{"start":{"line":130,"column":20},"end":{"line":130,"column":21}},"loc":{"start":{"line":131,"column":8},"end":{"line":131,"column":84}}},"26":{"name":"(anonymous_26)","decl":{"start":{"line":131,"column":12},"end":{"line":131,"column":13}},"loc":{"start":{"line":131,"column":24},"end":{"line":131,"column":82}}},"27":{"name":"(anonymous_27)","decl":{"start":{"line":132,"column":17},"end":{"line":132,"column":20}},"loc":{"start":{"line":133,"column":8},"end":{"line":133,"column":114}}},"28":{"name":"(anonymous_28)","decl":{"start":{"line":134,"column":18},"end":{"line":134,"column":19}},"loc":{"start":{"line":135,"column":8},"end":{"line":139,"column":10}}},"29":{"name":"(anonymous_29)","decl":{"start":{"line":135,"column":12},"end":{"line":135,"column":13}},"loc":{"start":{"line":135,"column":22},"end":{"line":139,"column":9}}},"30":{"name":"(anonymous_30)","decl":{"start":{"line":136,"column":47},"end":{"line":136,"column":48}},"loc":{"start":{"line":136,"column":54},"end":{"line":136,"column":71}}},"31":{"name":"(anonymous_31)","decl":{"start":{"line":141,"column":40},"end":{"line":141,"column":41}},"loc":{"start":{"line":141,"column":52},"end":{"line":141,"column":100}}},"32":{"name":"(anonymous_32)","decl":{"start":{"line":153,"column":4},"end":{"line":153,"column":5}},"loc":{"start":{"line":153,"column":14},"end":{"line":159,"column":6}}},"33":{"name":"(anonymous_33)","decl":{"start":{"line":158,"column":21},"end":{"line":158,"column":22}},"loc":{"start":{"line":158,"column":37},"end":{"line":158,"column":87}}}},"branchMap":{"0":{"loc":{"start":{"line":72,"column":6},"end":{"line":79,"column":7}},"type":"if","locations":[{"start":{"line":72,"column":6},"end":{"line":79,"column":7}},{"start":{},"end":{}}]},"1":{"loc":{"start":{"line":72,"column":10},"end":{"line":72,"column":43}},"type":"binary-expr","locations":[{"start":{"line":72,"column":10},"end":{"line":72,"column":14}},{"start":{"line":72,"column":18},"end":{"line":72,"column":43}}]},"2":{"loc":{"start":{"line":77,"column":14},"end":{"line":77,"column":40}},"type":"cond-expr","locations":[{"start":{"line":77,"column":24},"end":{"line":77,"column":35}},{"start":{"line":77,"column":38},"end":{"line":77,"column":40}}]},"3":{"loc":{"start":{"line":137,"column":10},"end":{"line":137,"column":39}},"type":"if","locations":[{"start":{"line":137,"column":10},"end":{"line":137,"column":39}},{"start":{},"end":{}}]}},"s":{"0":1,"1":1,"2":1,"3":1,"4":0,"5":0,"6":0,"7":1,"8":1,"9":0,"10":0,"11":1,"12":1,"13":1,"14":1,"15":2,"16":2,"17":2,"18":2,"19":2,"20":2,"21":2,"22":2,"23":2,"24":0,"25":0,"26":0,"27":0,"28":0,"29":1,"30":1,"31":0,"32":0,"33":0,"34":0,"35":0,"36":0,"37":0,"38":0,"39":0,"40":0,"41":0,"42":0,"43":0,"44":0,"45":0,"46":1,"47":1,"48":0},"f":{"0":1,"1":0,"2":0,"3":0,"4":1,"5":0,"6":0,"7":1,"8":1,"9":2,"10":2,"11":2,"12":2,"13":2,"14":0,"15":0,"16":0,"17":0,"18":0,"19":1,"20":0,"21":0,"22":0,"23":0,"24":0,"25":0,"26":0,"27":0,"28":0,"29":0,"30":0,"31":0,"32":1,"33":0},"b":{"0":[2,0],"1":[2,2],"2":[2,0],"3":[0,0]}}
}
