TN:
SF:src/App.tsx
FN:8,(anonymous_10)
FN:8,(anonymous_11)
FN:9,(anonymous_12)
FN:9,(anonymous_13)
FN:10,(anonymous_14)
FN:10,(anonymous_15)
FN:11,(anonymous_16)
FN:11,(anonymous_17)
FN:12,(anonymous_18)
FN:12,(anonymous_19)
FN:13,(anonymous_20)
FN:13,(anonymous_21)
FN:14,(anonymous_22)
FN:14,(anonymous_23)
FN:15,(anonymous_24)
FN:15,(anonymous_25)
FN:16,(anonymous_26)
FN:16,(anonymous_27)
FN:17,(anonymous_28)
FN:17,(anonymous_29)
FN:21,LoadingScreen
FN:32,App
FNF:22
FNH:0
FNDA:0,(anonymous_10)
FNDA:0,(anonymous_11)
FNDA:0,(anonymous_12)
FNDA:0,(anonymous_13)
FNDA:0,(anonymous_14)
FNDA:0,(anonymous_15)
FNDA:0,(anonymous_16)
FNDA:0,(anonymous_17)
FNDA:0,(anonymous_18)
FNDA:0,(anonymous_19)
FNDA:0,(anonymous_20)
FNDA:0,(anonymous_21)
FNDA:0,(anonymous_22)
FNDA:0,(anonymous_23)
FNDA:0,(anonymous_24)
FNDA:0,(anonymous_25)
FNDA:0,(anonymous_26)
FNDA:0,(anonymous_27)
FNDA:0,(anonymous_28)
FNDA:0,(anonymous_29)
FNDA:0,LoadingScreen
FNDA:0,App
DA:1,0
DA:2,0
DA:3,0
DA:4,0
DA:5,0
DA:6,0
DA:8,0
DA:9,0
DA:10,0
DA:11,0
DA:12,0
DA:13,0
DA:14,0
DA:15,0
DA:16,0
DA:17,0
DA:19,0
DA:22,0
DA:32,0
DA:33,0
DA:34,0
LF:21
LH:0
BRF:0
BRH:0
end_of_record
TN:
SF:src/components/organisms/FloatingChat.tsx
FN:36,getMockResponse
FN:49,format
FN:53,(anonymous_12)
FN:68,(anonymous_13)
FN:84,(anonymous_14)
FN:94,(anonymous_15)
FN:99,(anonymous_16)
FN:101,(anonymous_17)
FN:108,(anonymous_18)
FN:121,(anonymous_19)
FN:139,(anonymous_20)
FN:141,(anonymous_21)
FN:150,(anonymous_22)
FN:155,(anonymous_23)
FN:162,(anonymous_24)
FN:186,(anonymous_25)
FN:193,(anonymous_26)
FN:213,(anonymous_27)
FN:217,(anonymous_28)
FN:226,(anonymous_29)
FN:248,(anonymous_30)
FN:260,(anonymous_31)
FN:282,(anonymous_32)
FNF:23
FNH:0
FNDA:0,getMockResponse
FNDA:0,format
FNDA:0,(anonymous_12)
FNDA:0,(anonymous_13)
FNDA:0,(anonymous_14)
FNDA:0,(anonymous_15)
FNDA:0,(anonymous_16)
FNDA:0,(anonymous_17)
FNDA:0,(anonymous_18)
FNDA:0,(anonymous_19)
FNDA:0,(anonymous_20)
FNDA:0,(anonymous_21)
FNDA:0,(anonymous_22)
FNDA:0,(anonymous_23)
FNDA:0,(anonymous_24)
FNDA:0,(anonymous_25)
FNDA:0,(anonymous_26)
FNDA:0,(anonymous_27)
FNDA:0,(anonymous_28)
FNDA:0,(anonymous_29)
FNDA:0,(anonymous_30)
FNDA:0,(anonymous_31)
FNDA:0,(anonymous_32)
DA:2,0
DA:3,0
DA:4,0
DA:5,0
DA:6,0
DA:8,0
DA:10,0
DA:12,0
DA:18,0
DA:37,0
DA:38,0
DA:39,0
DA:40,0
DA:41,0
DA:50,0
DA:53,0
DA:54,0
DA:55,0
DA:69,0
DA:84,0
DA:85,0
DA:86,0
DA:87,0
DA:88,0
DA:89,0
DA:90,0
DA:91,0
DA:94,0
DA:95,0
DA:99,0
DA:100,0
DA:101,0
DA:106,0
DA:108,0
DA:109,0
DA:110,0
DA:111,0
DA:112,0
DA:113,0
DA:115,0
DA:121,0
DA:122,0
DA:124,0
DA:125,0
DA:130,0
DA:131,0
DA:132,0
DA:139,0
DA:141,0
DA:142,0
DA:143,0
DA:150,0
DA:152,0
DA:155,0
DA:156,0
DA:157,0
DA:158,0
DA:162,0
DA:164,0
DA:186,0
DA:193,0
DA:214,0
DA:217,0
DA:226,0
DA:248,0
DA:260,0
DA:282,0
DA:298,0
LF:68
LH:0
BRDA:38,0,0,0
BRDA:38,0,1,0
BRDA:39,1,0,0
BRDA:39,1,1,0
BRDA:39,2,0,0
BRDA:39,2,1,0
BRDA:40,3,0,0
BRDA:40,3,1,0
BRDA:40,4,0,0
BRDA:40,4,1,0
BRDA:56,5,0,0
BRDA:56,5,1,0
BRDA:57,6,0,0
BRDA:57,6,1,0
BRDA:66,7,0,0
BRDA:66,7,1,0
BRDA:66,7,2,0
BRDA:66,7,3,0
BRDA:100,8,0,0
BRDA:100,8,1,0
BRDA:106,9,0,0
BRDA:106,9,1,0
BRDA:109,10,0,0
BRDA:109,10,1,0
BRDA:110,11,0,0
BRDA:110,11,1,0
BRDA:110,12,0,0
BRDA:110,12,1,0
BRDA:112,13,0,0
BRDA:112,13,1,0
BRDA:130,14,0,0
BRDA:130,14,1,0
BRDA:137,15,0,0
BRDA:137,15,1,0
BRDA:156,16,0,0
BRDA:156,16,1,0
BRDA:167,17,0,0
BRDA:167,17,1,0
BRDA:208,18,0,0
BRDA:208,18,1,0
BRDA:229,19,0,0
BRDA:229,19,1,0
BRDA:270,20,0,0
BRDA:270,20,1,0
BRDA:283,21,0,0
BRDA:283,21,1,0
BRDA:287,22,0,0
BRDA:287,22,1,0
BRDA:288,23,0,0
BRDA:288,23,1,0
BRDA:288,23,2,0
BRDA:290,24,0,0
BRDA:290,24,1,0
BRF:53
BRH:0
end_of_record
TN:
SF:src/components/organisms/Footer.tsx
FN:10,(anonymous_1)
FNF:1
FNH:0
FNDA:0,(anonymous_1)
DA:1,0
DA:2,0
DA:3,0
DA:4,0
DA:5,0
DA:10,0
DA:11,0
DA:13,0
DA:81,0
LF:9
LH:0
BRF:0
BRH:0
end_of_record
TN:
SF:src/components/organisms/Navbar.tsx
FN:29,(anonymous_10)
FN:45,(anonymous_11)
FN:46,(anonymous_12)
FN:48,(anonymous_13)
FN:52,(anonymous_14)
FN:58,(anonymous_15)
FN:59,(anonymous_16)
FN:63,(anonymous_17)
FN:93,(anonymous_18)
FN:98,(anonymous_19)
FN:123,(anonymous_20)
FN:142,(anonymous_21)
FN:147,(anonymous_22)
FNF:13
FNH:0
FNDA:0,(anonymous_10)
FNDA:0,(anonymous_11)
FNDA:0,(anonymous_12)
FNDA:0,(anonymous_13)
FNDA:0,(anonymous_14)
FNDA:0,(anonymous_15)
FNDA:0,(anonymous_16)
FNDA:0,(anonymous_17)
FNDA:0,(anonymous_18)
FNDA:0,(anonymous_19)
FNDA:0,(anonymous_20)
FNDA:0,(anonymous_21)
FNDA:0,(anonymous_22)
DA:1,0
DA:2,0
DA:3,0
DA:4,0
DA:15,0
DA:16,0
DA:29,0
DA:30,0
DA:31,0
DA:32,0
DA:33,0
DA:34,0
DA:36,0
DA:45,0
DA:46,0
DA:47,0
DA:48,0
DA:52,0
DA:54,0
DA:58,0
DA:59,0
DA:60,0
DA:62,0
DA:63,0
DA:66,0
DA:94,0
DA:99,0
DA:123,0
DA:143,0
DA:148,0
DA:174,0
LF:31
LH:0
BRDA:60,0,0,0
BRDA:60,0,1,0
BRDA:68,1,0,0
BRDA:68,1,1,0
BRDA:99,2,0,0
BRDA:99,2,1,0
BRDA:124,3,0,0
BRDA:124,3,1,0
BRDA:128,4,0,0
BRDA:128,4,1,0
BRDA:134,5,0,0
BRDA:134,5,1,0
BRDA:148,6,0,0
BRDA:148,6,1,0
BRF:14
BRH:0
end_of_record
TN:
SF:src/i18n/index.ts
FNF:0
FNH:0
DA:1,0
DA:2,0
DA:3,0
DA:4,0
DA:5,0
DA:7,0
DA:26,0
LF:7
LH:0
BRF:0
BRH:0
end_of_record
TN:
SF:src/layouts/RootLayout.tsx
FN:15,(anonymous_1)
FNF:1
FNH:0
FNDA:0,(anonymous_1)
DA:1,0
DA:2,0
DA:3,0
DA:4,0
DA:5,0
DA:15,0
DA:16,0
DA:42,0
LF:8
LH:0
BRF:0
BRH:0
end_of_record
TN:
SF:src/pages/AdminPage.tsx
FN:17,(anonymous_1)
FN:39,(anonymous_2)
FN:50,(anonymous_3)
FNF:3
FNH:0
FNDA:0,(anonymous_1)
FNDA:0,(anonymous_2)
FNDA:0,(anonymous_3)
DA:1,0
DA:2,0
DA:3,0
DA:5,0
DA:12,0
DA:17,0
DA:18,0
DA:20,0
DA:21,0
DA:29,0
DA:40,0
DA:50,0
DA:58,0
LF:13
LH:0
BRDA:20,0,0,0
BRDA:20,0,1,0
BRF:2
BRH:0
end_of_record
TN:
SF:src/pages/ChatPage.tsx
FN:39,getMockResponse
FN:47,formatContent
FN:57,(anonymous_12)
FN:67,(anonymous_13)
FN:71,(anonymous_14)
FN:182,(anonymous_15)
FN:198,(anonymous_16)
FN:203,(anonymous_17)
FN:211,(anonymous_18)
FN:218,(anonymous_19)
FN:235,(anonymous_20)
FN:239,(anonymous_21)
FN:281,(anonymous_22)
FN:311,(anonymous_23)
FN:323,(anonymous_24)
FN:358,(anonymous_25)
FN:381,(anonymous_26)
FN:408,oo_cm
FNF:18
FNH:11
FNDA:0,getMockResponse
FNDA:7,formatContent
FNDA:6,(anonymous_12)
FNDA:5,(anonymous_13)
FNDA:1,(anonymous_14)
FNDA:0,(anonymous_15)
FNDA:1,(anonymous_16)
FNDA:0,(anonymous_17)
FNDA:0,(anonymous_18)
FNDA:0,(anonymous_19)
FNDA:36,(anonymous_20)
FNDA:0,(anonymous_21)
FNDA:7,(anonymous_22)
FNDA:1,(anonymous_23)
FNDA:1,(anonymous_24)
FNDA:7,(anonymous_25)
FNDA:1,(anonymous_26)
FNDA:0,oo_cm
DA:1,1
DA:2,1
DA:3,1
DA:4,1
DA:7,1
DA:8,1
DA:9,1
DA:10,1
DA:12,1
DA:14,1
DA:23,1
DA:40,0
DA:41,0
DA:42,0
DA:43,0
DA:48,7
DA:57,1
DA:58,6
DA:59,6
DA:60,6
DA:61,6
DA:62,6
DA:63,6
DA:64,6
DA:67,6
DA:68,5
DA:71,6
DA:72,1
DA:73,1
DA:75,1
DA:76,1
DA:78,1
DA:80,1
DA:86,1
DA:87,1
DA:89,1
DA:90,0
DA:97,1
DA:103,1
DA:104,1
DA:110,1
DA:111,0
DA:114,1
DA:116,1
DA:118,1
DA:119,1
DA:126,1
DA:128,1
DA:129,1
DA:130,1
DA:131,1
DA:133,1
DA:134,2
DA:135,2
DA:136,1
DA:137,1
DA:138,1
DA:139,5
DA:140,2
DA:141,2
DA:142,2
DA:143,2
DA:149,2
DA:150,2
DA:151,1
DA:152,1
DA:154,2
DA:155,1
DA:161,1
DA:164,0
DA:165,0
DA:172,0
DA:175,0
DA:176,0
DA:177,0
DA:182,0
DA:183,0
DA:184,0
DA:191,0
DA:194,1
DA:198,6
DA:199,1
DA:200,1
DA:201,1
DA:202,0
DA:203,0
DA:204,0
DA:205,0
DA:211,6
DA:212,0
DA:213,0
DA:214,0
DA:218,6
DA:219,0
DA:220,0
DA:223,6
DA:236,36
DA:239,0
DA:282,7
DA:311,1
DA:323,1
DA:358,1
DA:359,7
DA:360,7
DA:362,7
DA:382,1
DA:401,1
DA:408,1
LF:108
LH:82
BRDA:41,0,0,0
BRDA:41,0,1,0
BRDA:41,1,0,0
BRDA:41,1,1,0
BRDA:42,2,0,0
BRDA:42,2,1,0
BRDA:42,3,0,0
BRDA:42,3,1,0
BRDA:72,4,0,1
BRDA:72,4,1,1
BRDA:73,5,0,0
BRDA:73,5,1,1
BRDA:73,6,0,1
BRDA:73,6,1,1
BRDA:76,7,0,0
BRDA:76,7,1,1
BRDA:89,8,0,0
BRDA:89,8,1,1
BRDA:97,9,0,1
BRDA:97,9,1,1
BRDA:98,10,0,1
BRDA:98,10,1,0
BRDA:110,11,0,0
BRDA:110,11,1,1
BRDA:110,12,0,1
BRDA:110,12,1,1
BRDA:114,13,0,1
BRDA:114,13,1,0
BRDA:116,14,0,1
BRDA:116,14,1,0
BRDA:135,15,0,1
BRDA:135,15,1,1
BRDA:139,16,0,3
BRDA:139,16,1,2
BRDA:141,17,0,0
BRDA:141,17,1,2
BRDA:149,18,0,0
BRDA:149,18,1,2
BRDA:150,19,0,1
BRDA:150,19,1,1
BRDA:154,20,0,1
BRDA:154,20,1,1
BRDA:155,21,0,1
BRDA:155,21,1,0
BRDA:170,22,0,0
BRDA:170,22,1,0
BRDA:176,23,0,0
BRDA:176,23,1,0
BRDA:179,24,0,0
BRDA:179,24,1,0
BRDA:199,25,0,0
BRDA:199,25,1,1
BRDA:201,26,0,0
BRDA:201,26,1,1
BRDA:212,27,0,0
BRDA:212,27,1,0
BRDA:212,28,0,0
BRDA:212,28,1,0
BRDA:271,29,0,6
BRDA:271,29,1,2
BRDA:285,30,0,6
BRDA:285,30,1,3
BRDA:338,31,0,6
BRDA:338,31,1,1
BRDA:364,32,0,3
BRDA:364,32,1,4
BRDA:366,33,0,3
BRDA:366,33,1,4
BRDA:369,34,0,3
BRDA:369,34,1,4
BRDA:378,35,0,7
BRDA:378,35,1,3
BRDA:378,35,2,2
BRDA:378,35,3,1
BRDA:408,36,0,0
BRDA:408,36,1,0
BRF:76
BRH:44
end_of_record
TN:
SF:src/pages/ExplorePage.tsx
FN:13,(anonymous_1)
FN:32,(anonymous_2)
FN:39,(anonymous_3)
FN:43,(anonymous_4)
FNF:4
FNH:0
FNDA:0,(anonymous_1)
FNDA:0,(anonymous_2)
FNDA:0,(anonymous_3)
FNDA:0,(anonymous_4)
DA:1,0
DA:2,0
DA:3,0
DA:4,0
DA:6,0
DA:8,0
DA:13,0
DA:14,0
DA:33,0
DA:39,0
DA:43,0
DA:65,0
LF:12
LH:0
BRF:0
BRH:0
end_of_record
TN:
SF:src/pages/HomePage.tsx
FN:15,(anonymous_1)
FN:134,ElectionFactsSection
FN:150,(anonymous_3)
FNF:3
FNH:3
FNDA:1,(anonymous_1)
FNDA:1,ElectionFactsSection
FNDA:1,(anonymous_3)
DA:1,1
DA:2,1
DA:3,1
DA:12,1
DA:13,1
DA:15,1
DA:16,1
DA:135,1
DA:137,1
DA:151,1
DA:171,1
LF:11
LH:11
BRDA:145,0,0,1
BRDA:145,0,1,0
BRDA:146,1,0,1
BRDA:146,1,1,0
BRDA:148,2,0,1
BRDA:148,2,1,0
BRF:6
BRH:3
end_of_record
TN:
SF:src/pages/NotFoundPage.tsx
FN:6,(anonymous_1)
FNF:1
FNH:0
FNDA:0,(anonymous_1)
DA:1,0
DA:2,0
DA:3,0
DA:4,0
DA:6,0
DA:7,0
DA:21,0
LF:7
LH:0
BRF:0
BRH:0
end_of_record
TN:
SF:src/pages/QuizCategoryPage.tsx
FN:47,shuffle
FN:48,(anonymous_11)
FN:51,(anonymous_12)
FN:60,(anonymous_13)
FN:63,(anonymous_14)
FN:76,(anonymous_15)
FN:79,(anonymous_16)
FN:83,(anonymous_17)
FN:135,(anonymous_18)
FN:165,(anonymous_19)
FN:172,(anonymous_20)
FNF:11
FNH:0
FNDA:0,shuffle
FNDA:0,(anonymous_11)
FNDA:0,(anonymous_12)
FNDA:0,(anonymous_13)
FNDA:0,(anonymous_14)
FNDA:0,(anonymous_15)
FNDA:0,(anonymous_16)
FNDA:0,(anonymous_17)
FNDA:0,(anonymous_18)
FNDA:0,(anonymous_19)
FNDA:0,(anonymous_20)
DA:1,0
DA:2,0
DA:3,0
DA:4,0
DA:5,0
DA:7,0
DA:9,0
DA:48,0
DA:51,0
DA:52,0
DA:53,0
DA:54,0
DA:56,0
DA:57,0
DA:58,0
DA:60,0
DA:61,0
DA:63,0
DA:64,0
DA:65,0
DA:66,0
DA:67,0
DA:68,0
DA:69,0
DA:72,0
DA:73,0
DA:74,0
DA:76,0
DA:77,0
DA:78,0
DA:79,0
DA:80,0
DA:83,0
DA:84,0
DA:85,0
DA:86,0
DA:88,0
DA:92,0
DA:93,0
DA:116,0
DA:117,0
DA:118,0
DA:135,0
DA:145,0
DA:147,0
DA:166,0
DA:167,0
DA:168,0
DA:169,0
DA:171,0
DA:172,0
DA:202,0
LF:52
LH:0
BRDA:74,0,0,0
BRDA:74,0,1,0
BRDA:77,1,0,0
BRDA:77,1,1,0
BRDA:79,2,0,0
BRDA:79,2,1,0
BRDA:85,3,0,0
BRDA:85,3,1,0
BRDA:92,4,0,0
BRDA:92,4,1,0
BRDA:116,5,0,0
BRDA:116,5,1,0
BRDA:127,6,0,0
BRDA:127,6,1,0
BRDA:127,7,0,0
BRDA:127,7,1,0
BRDA:131,8,0,0
BRDA:131,8,1,0
BRDA:131,9,0,0
BRDA:131,9,1,0
BRDA:161,10,0,0
BRDA:161,10,1,0
BRDA:167,11,0,0
BRDA:167,11,1,0
BRDA:168,12,0,0
BRDA:168,12,1,0
BRDA:169,13,0,0
BRDA:169,13,1,0
BRDA:175,14,0,0
BRDA:175,14,1,0
BRDA:175,14,2,0
BRDA:176,15,0,0
BRDA:176,15,1,0
BRDA:176,15,2,0
BRDA:176,15,3,0
BRDA:182,16,0,0
BRDA:182,16,1,0
BRDA:183,17,0,0
BRDA:183,17,1,0
BRDA:184,18,0,0
BRDA:184,18,1,0
BRDA:189,19,0,0
BRDA:189,19,1,0
BRDA:191,20,0,0
BRDA:191,20,1,0
BRF:45
BRH:0
end_of_record
TN:
SF:src/pages/QuizPage.tsx
FN:17,(anonymous_1)
FN:35,(anonymous_2)
FN:46,(anonymous_3)
FN:47,(anonymous_4)
FNF:4
FNH:0
FNDA:0,(anonymous_1)
FNDA:0,(anonymous_2)
FNDA:0,(anonymous_3)
FNDA:0,(anonymous_4)
DA:1,0
DA:2,0
DA:3,0
DA:4,0
DA:5,0
DA:7,0
DA:9,0
DA:17,0
DA:18,0
DA:19,0
DA:21,0
DA:36,0
DA:47,0
DA:48,0
DA:79,0
LF:15
LH:0
BRDA:31,0,0,0
BRDA:31,0,1,0
BRDA:62,1,0,0
BRDA:62,1,1,0
BRF:4
BRH:0
end_of_record
TN:
SF:src/pages/RegisterPage.tsx
FN:61,(anonymous_10)
FN:91,(anonymous_11)
FN:95,(anonymous_12)
FN:215,(anonymous_13)
FNF:4
FNH:0
FNDA:0,(anonymous_10)
FNDA:0,(anonymous_11)
FNDA:0,(anonymous_12)
FNDA:0,(anonymous_13)
DA:1,0
DA:2,0
DA:3,0
DA:4,0
DA:6,0
DA:26,0
DA:50,0
DA:61,0
DA:62,0
DA:63,0
DA:65,0
DA:67,0
DA:91,0
DA:96,0
DA:216,0
DA:231,0
LF:16
LH:0
BRDA:65,0,0,0
BRDA:65,0,1,0
BRDA:65,1,0,0
BRDA:65,1,1,0
BRDA:101,2,0,0
BRDA:101,2,1,0
BRDA:110,3,0,0
BRDA:110,3,1,0
BRDA:127,4,0,0
BRDA:127,4,1,0
BRDA:136,5,0,0
BRDA:136,5,1,0
BRDA:160,6,0,0
BRDA:160,6,1,0
BRF:14
BRH:0
end_of_record
TN:
SF:src/pages/SettingsPage.tsx
FN:8,(anonymous_1)
FN:12,(anonymous_2)
FN:17,(anonymous_3)
FN:39,(anonymous_4)
FN:41,(anonymous_5)
FN:56,(anonymous_6)
FN:58,(anonymous_7)
FN:73,(anonymous_8)
FN:75,(anonymous_9)
FN:91,(anonymous_10)
FNF:10
FNH:0
FNDA:0,(anonymous_1)
FNDA:0,(anonymous_2)
FNDA:0,(anonymous_3)
FNDA:0,(anonymous_4)
FNDA:0,(anonymous_5)
FNDA:0,(anonymous_6)
FNDA:0,(anonymous_7)
FNDA:0,(anonymous_8)
FNDA:0,(anonymous_9)
FNDA:0,(anonymous_10)
DA:1,0
DA:2,0
DA:3,0
DA:4,0
DA:6,0
DA:8,0
DA:9,0
DA:10,0
DA:12,0
DA:13,0
DA:14,0
DA:17,0
DA:18,0
DA:19,0
DA:22,0
DA:40,0
DA:41,0
DA:57,0
DA:58,0
DA:74,0
DA:75,0
DA:91,0
DA:101,0
LF:23
LH:0
BRDA:14,0,0,0
BRDA:14,0,1,0
BRDA:19,1,0,0
BRDA:19,1,1,0
BRDA:40,2,0,0
BRDA:40,2,1,0
BRDA:43,3,0,0
BRDA:43,3,1,0
BRDA:43,4,0,0
BRDA:43,4,1,0
BRDA:57,5,0,0
BRDA:57,5,1,0
BRDA:60,6,0,0
BRDA:60,6,1,0
BRDA:74,7,0,0
BRDA:74,7,1,0
BRDA:77,8,0,0
BRDA:77,8,1,0
BRF:18
BRH:0
end_of_record
TN:
SF:src/pages/TimelinePage.tsx
FN:105,(anonymous_10)
FN:110,(anonymous_11)
FN:135,(anonymous_12)
FN:137,(anonymous_13)
FN:144,(anonymous_14)
FN:156,(anonymous_15)
FN:168,(anonymous_16)
FN:198,(anonymous_17)
FN:240,(anonymous_18)
FN:252,(anonymous_19)
FN:265,(anonymous_20)
FNF:11
FNH:0
FNDA:0,(anonymous_10)
FNDA:0,(anonymous_11)
FNDA:0,(anonymous_12)
FNDA:0,(anonymous_13)
FNDA:0,(anonymous_14)
FNDA:0,(anonymous_15)
FNDA:0,(anonymous_16)
FNDA:0,(anonymous_17)
FNDA:0,(anonymous_18)
FNDA:0,(anonymous_19)
FNDA:0,(anonymous_20)
DA:1,0
DA:2,0
DA:3,0
DA:4,0
DA:5,0
DA:19,0
DA:105,0
DA:106,0
DA:107,0
DA:108,0
DA:110,0
DA:111,0
DA:112,0
DA:113,0
DA:115,0
DA:119,0
DA:135,0
DA:137,0
DA:144,0
DA:157,0
DA:169,0
DA:170,0
DA:198,0
DA:241,0
DA:253,0
DA:265,0
DA:292,0
LF:27
LH:0
BRDA:108,0,0,0
BRDA:108,0,1,0
BRDA:112,1,0,0
BRDA:112,1,1,0
BRDA:173,2,0,0
BRDA:173,2,1,0
BRDA:175,3,0,0
BRDA:175,3,1,0
BRDA:185,4,0,0
BRDA:185,4,1,0
BRDA:187,5,0,0
BRDA:187,5,1,0
BRDA:195,6,0,0
BRDA:195,6,1,0
BRDA:198,7,0,0
BRDA:198,7,1,0
BRDA:208,8,0,0
BRDA:208,8,1,0
BRDA:209,9,0,0
BRDA:209,9,1,0
BRDA:211,10,0,0
BRDA:211,10,1,0
BRDA:212,11,0,0
BRDA:212,11,1,0
BRDA:220,12,0,0
BRDA:220,12,1,0
BRDA:224,13,0,0
BRDA:224,13,1,0
BRF:28
BRH:0
end_of_record
TN:
SF:src/services/electionFacts.ts
FN:8,fetchElectionFacts
FN:16,(anonymous_1)
FN:22,useElectionFacts
FNF:3
FNH:0
FNDA:0,fetchElectionFacts
FNDA:0,(anonymous_1)
FNDA:0,useElectionFacts
DA:1,0
DA:2,0
DA:4,0
DA:6,0
DA:8,0
DA:9,0
DA:15,0
DA:16,0
DA:22,0
DA:23,0
LF:10
LH:0
BRF:0
BRH:0
end_of_record
TN:
SF:src/services/firebase.ts
FNF:0
FNH:0
DA:1,0
DA:2,0
DA:3,0
DA:4,0
DA:7,0
DA:19,0
DA:22,0
DA:25,0
DA:28,0
DA:34,0
DA:35,0
DA:36,0
DA:37,0
DA:43,0
LF:14
LH:0
BRDA:19,0,0,0
BRDA:19,0,1,0
BRDA:29,1,0,0
BRDA:29,1,1,0
BRDA:29,2,0,0
BRDA:29,2,1,0
BRDA:34,3,0,0
BRDA:34,3,1,0
BRDA:34,4,0,0
BRDA:34,4,1,0
BRF:10
BRH:0
end_of_record
TN:
SF:src/store/index.ts
FN:17,(anonymous_0)
FN:21,(anonymous_1)
FN:22,(anonymous_2)
FN:23,(anonymous_3)
FN:37,(anonymous_4)
FN:40,(anonymous_5)
FN:41,(anonymous_6)
FN:59,(anonymous_7)
FN:61,(anonymous_8)
FN:66,(anonymous_9)
FN:67,(anonymous_10)
FN:68,(anonymous_11)
FN:69,(anonymous_12)
FN:82,(anonymous_13)
FN:83,(anonymous_14)
FN:83,(anonymous_15)
FN:84,(anonymous_16)
FN:85,(anonymous_17)
FN:86,(anonymous_18)
FN:112,(anonymous_19)
FN:121,(anonymous_20)
FN:122,(anonymous_21)
FN:124,(anonymous_22)
FN:125,(anonymous_23)
FN:126,(anonymous_24)
FN:130,(anonymous_25)
FN:131,(anonymous_26)
FN:132,(anonymous_27)
FN:134,(anonymous_28)
FN:135,(anonymous_29)
FN:136,(anonymous_30)
FN:141,(anonymous_31)
FN:153,(anonymous_32)
FN:158,(anonymous_33)
FNF:34
FNH:11
FNDA:1,(anonymous_0)
FNDA:0,(anonymous_1)
FNDA:0,(anonymous_2)
FNDA:0,(anonymous_3)
FNDA:1,(anonymous_4)
FNDA:0,(anonymous_5)
FNDA:0,(anonymous_6)
FNDA:1,(anonymous_7)
FNDA:1,(anonymous_8)
FNDA:2,(anonymous_9)
FNDA:2,(anonymous_10)
FNDA:2,(anonymous_11)
FNDA:2,(anonymous_12)
FNDA:2,(anonymous_13)
FNDA:0,(anonymous_14)
FNDA:0,(anonymous_15)
FNDA:0,(anonymous_16)
FNDA:0,(anonymous_17)
FNDA:0,(anonymous_18)
FNDA:1,(anonymous_19)
FNDA:0,(anonymous_20)
FNDA:0,(anonymous_21)
FNDA:0,(anonymous_22)
FNDA:0,(anonymous_23)
FNDA:0,(anonymous_24)
FNDA:0,(anonymous_25)
FNDA:0,(anonymous_26)
FNDA:0,(anonymous_27)
FNDA:0,(anonymous_28)
FNDA:0,(anonymous_29)
FNDA:0,(anonymous_30)
FNDA:0,(anonymous_31)
FNDA:1,(anonymous_32)
FNDA:0,(anonymous_33)
DA:1,1
DA:2,1
DA:15,1
DA:17,1
DA:21,0
DA:22,0
DA:23,0
DA:37,1
DA:40,0
DA:41,0
DA:59,1
DA:61,1
DA:67,2
DA:69,2
DA:70,2
DA:71,2
DA:72,2
DA:73,2
DA:80,2
DA:82,2
DA:83,0
DA:84,0
DA:85,0
DA:86,0
DA:110,1
DA:112,1
DA:121,0
DA:123,0
DA:124,0
DA:126,0
DA:131,0
DA:133,0
DA:135,0
DA:136,0
DA:137,0
DA:138,0
DA:141,0
DA:151,1
DA:153,1
DA:158,0
LF:40
LH:19
BRDA:72,0,0,2
BRDA:72,0,1,0
BRDA:72,1,0,2
BRDA:72,1,1,2
BRDA:77,2,0,2
BRDA:77,2,1,0
BRDA:137,3,0,0
BRDA:137,3,1,0
BRF:8
BRH:4
end_of_record
